{
  "C:\\Users\\Coemi\\Desktop\\SCRIPT\\appPalestra\\migration-v2\\src\\App.tsx": {
    "path": "C:\\Users\\Coemi\\Desktop\\SCRIPT\\appPalestra\\migration-v2\\src\\App.tsx",
    "all": true,
    "statementMap": {
      "0": { "start": { "line": 1, "column": 0 }, "end": { "line": 1, "column": 42 } },
      "1": { "start": { "line": 2, "column": 0 }, "end": { "line": 2, "column": 83 } },
      "2": { "start": { "line": 3, "column": 0 }, "end": { "line": 3, "column": 62 } },
      "3": { "start": { "line": 4, "column": 0 }, "end": { "line": 4, "column": 42 } },
      "4": { "start": { "line": 5, "column": 0 }, "end": { "line": 5, "column": 66 } },
      "5": { "start": { "line": 6, "column": 0 }, "end": { "line": 6, "column": 41 } },
      "6": { "start": { "line": 7, "column": 0 }, "end": { "line": 7, "column": 55 } },
      "7": { "start": { "line": 8, "column": 0 }, "end": { "line": 8, "column": 55 } },
      "8": { "start": { "line": 9, "column": 0 }, "end": { "line": 9, "column": 51 } },
      "9": { "start": { "line": 10, "column": 0 }, "end": { "line": 10, "column": 49 } },
      "10": { "start": { "line": 11, "column": 0 }, "end": { "line": 11, "column": 65 } },
      "11": { "start": { "line": 12, "column": 0 }, "end": { "line": 12, "column": 65 } },
      "13": { "start": { "line": 14, "column": 0 }, "end": { "line": 14, "column": 56 } },
      "14": { "start": { "line": 15, "column": 0 }, "end": { "line": 15, "column": 44 } },
      "15": { "start": { "line": 16, "column": 0 }, "end": { "line": 16, "column": 19 } },
      "17": { "start": { "line": 18, "column": 0 }, "end": { "line": 18, "column": 30 } },
      "18": { "start": { "line": 19, "column": 0 }, "end": { "line": 19, "column": 10 } },
      "19": { "start": { "line": 20, "column": 0 }, "end": { "line": 20, "column": 58 } },
      "20": { "start": { "line": 21, "column": 0 }, "end": { "line": 21, "column": 51 } },
      "21": { "start": { "line": 22, "column": 0 }, "end": { "line": 22, "column": 23 } },
      "23": { "start": { "line": 24, "column": 0 }, "end": { "line": 24, "column": 10 } },
      "24": { "start": { "line": 25, "column": 0 }, "end": { "line": 25, "column": 61 } },
      "25": { "start": { "line": 26, "column": 0 }, "end": { "line": 26, "column": 17 } },
      "27": { "start": { "line": 28, "column": 0 }, "end": { "line": 28, "column": 52 } },
      "28": { "start": { "line": 29, "column": 0 }, "end": { "line": 29, "column": 70 } },
      "31": { "start": { "line": 32, "column": 0 }, "end": { "line": 32, "column": 61 } },
      "32": { "start": { "line": 33, "column": 0 }, "end": { "line": 33, "column": 74 } },
      "34": { "start": { "line": 35, "column": 0 }, "end": { "line": 35, "column": 46 } },
      "35": { "start": { "line": 36, "column": 0 }, "end": { "line": 36, "column": 29 } },
      "36": { "start": { "line": 37, "column": 0 }, "end": { "line": 37, "column": 21 } },
      "37": { "start": { "line": 38, "column": 0 }, "end": { "line": 38, "column": 4 } },
      "39": { "start": { "line": 40, "column": 0 }, "end": { "line": 40, "column": 10 } },
      "40": { "start": { "line": 41, "column": 0 }, "end": { "line": 41, "column": 35 } },
      "41": { "start": { "line": 42, "column": 0 }, "end": { "line": 42, "column": 52 } },
      "42": { "start": { "line": 43, "column": 0 }, "end": { "line": 43, "column": 81 } },
      "43": { "start": { "line": 44, "column": 0 }, "end": { "line": 44, "column": 11 } },
      "46": { "start": { "line": 47, "column": 0 }, "end": { "line": 47, "column": 23 } },
      "47": { "start": { "line": 48, "column": 0 }, "end": { "line": 48, "column": 48 } },
      "48": { "start": { "line": 49, "column": 0 }, "end": { "line": 49, "column": 72 } },
      "49": { "start": { "line": 50, "column": 0 }, "end": { "line": 50, "column": 82 } },
      "50": { "start": { "line": 51, "column": 0 }, "end": { "line": 51, "column": 11 } },
      "51": { "start": { "line": 52, "column": 0 }, "end": { "line": 52, "column": 25 } },
      "52": { "start": { "line": 53, "column": 0 }, "end": { "line": 53, "column": 88 } },
      "53": { "start": { "line": 54, "column": 0 }, "end": { "line": 54, "column": 82 } },
      "54": { "start": { "line": 55, "column": 0 }, "end": { "line": 55, "column": 17 } },
      "55": { "start": { "line": 56, "column": 0 }, "end": { "line": 56, "column": 14 } },
      "58": { "start": { "line": 59, "column": 0 }, "end": { "line": 59, "column": 23 } },
      "59": { "start": { "line": 60, "column": 0 }, "end": { "line": 60, "column": 77 } },
      "60": { "start": { "line": 61, "column": 0 }, "end": { "line": 61, "column": 40 } },
      "61": { "start": { "line": 62, "column": 0 }, "end": { "line": 62, "column": 114 } },
      "62": { "start": { "line": 63, "column": 0 }, "end": { "line": 63, "column": 57 } },
      "63": { "start": { "line": 64, "column": 0 }, "end": { "line": 64, "column": 16 } },
      "64": { "start": { "line": 65, "column": 0 }, "end": { "line": 65, "column": 14 } },
      "67": { "start": { "line": 68, "column": 0 }, "end": { "line": 68, "column": 14 } },
      "68": { "start": { "line": 69, "column": 0 }, "end": { "line": 69, "column": 68 } },
      "69": { "start": { "line": 70, "column": 0 }, "end": { "line": 70, "column": 37 } },
      "70": { "start": { "line": 71, "column": 0 }, "end": { "line": 71, "column": 20 } },
      "71": { "start": { "line": 72, "column": 0 }, "end": { "line": 72, "column": 34 } },
      "72": { "start": { "line": 73, "column": 0 }, "end": { "line": 73, "column": 30 } },
      "73": { "start": { "line": 74, "column": 0 }, "end": { "line": 74, "column": 37 } },
      "74": { "start": { "line": 75, "column": 0 }, "end": { "line": 75, "column": 33 } },
      "75": { "start": { "line": 76, "column": 0 }, "end": { "line": 76, "column": 41 } },
      "76": { "start": { "line": 77, "column": 0 }, "end": { "line": 77, "column": 39 } },
      "77": { "start": { "line": 78, "column": 0 }, "end": { "line": 78, "column": 35 } },
      "78": { "start": { "line": 79, "column": 0 }, "end": { "line": 79, "column": 39 } },
      "79": { "start": { "line": 80, "column": 0 }, "end": { "line": 80, "column": 41 } },
      "80": { "start": { "line": 81, "column": 0 }, "end": { "line": 81, "column": 12 } },
      "81": { "start": { "line": 82, "column": 0 }, "end": { "line": 82, "column": 12 } },
      "82": { "start": { "line": 83, "column": 0 }, "end": { "line": 83, "column": 59 } },
      "83": { "start": { "line": 84, "column": 0 }, "end": { "line": 84, "column": 38 } },
      "84": { "start": { "line": 85, "column": 0 }, "end": { "line": 85, "column": 21 } },
      "85": { "start": { "line": 86, "column": 0 }, "end": { "line": 86, "column": 34 } },
      "86": { "start": { "line": 87, "column": 0 }, "end": { "line": 87, "column": 46 } },
      "87": { "start": { "line": 88, "column": 0 }, "end": { "line": 88, "column": 37 } },
      "88": { "start": { "line": 89, "column": 0 }, "end": { "line": 89, "column": 49 } },
      "89": { "start": { "line": 90, "column": 0 }, "end": { "line": 90, "column": 12 } },
      "90": { "start": { "line": 91, "column": 0 }, "end": { "line": 91, "column": 12 } },
      "91": { "start": { "line": 92, "column": 0 }, "end": { "line": 92, "column": 56 } },
      "92": { "start": { "line": 93, "column": 0 }, "end": { "line": 93, "column": 15 } },
      "94": { "start": { "line": 95, "column": 0 }, "end": { "line": 95, "column": 29 } },
      "95": { "start": { "line": 96, "column": 0 }, "end": { "line": 96, "column": 26 } },
      "96": { "start": { "line": 97, "column": 0 }, "end": { "line": 97, "column": 27 } },
      "97": { "start": { "line": 98, "column": 0 }, "end": { "line": 98, "column": 46 } },
      "98": { "start": { "line": 99, "column": 0 }, "end": { "line": 99, "column": 32 } },
      "99": { "start": { "line": 100, "column": 0 }, "end": { "line": 100, "column": 10 } },
      "102": { "start": { "line": 103, "column": 0 }, "end": { "line": 103, "column": 30 } },
      "103": { "start": { "line": 104, "column": 0 }, "end": { "line": 104, "column": 26 } },
      "104": { "start": { "line": 105, "column": 0 }, "end": { "line": 105, "column": 22 } },
      "105": { "start": { "line": 106, "column": 0 }, "end": { "line": 106, "column": 34 } },
      "106": { "start": { "line": 107, "column": 0 }, "end": { "line": 107, "column": 40 } },
      "107": { "start": { "line": 108, "column": 0 }, "end": { "line": 108, "column": 46 } },
      "108": { "start": { "line": 109, "column": 0 }, "end": { "line": 109, "column": 37 } },
      "109": { "start": { "line": 110, "column": 0 }, "end": { "line": 110, "column": 24 } },
      "110": { "start": { "line": 111, "column": 0 }, "end": { "line": 111, "column": 55 } },
      "111": { "start": { "line": 112, "column": 0 }, "end": { "line": 112, "column": 13 } },
      "112": { "start": { "line": 113, "column": 0 }, "end": { "line": 113, "column": 10 } },
      "115": { "start": { "line": 116, "column": 0 }, "end": { "line": 116, "column": 34 } },
      "116": { "start": { "line": 117, "column": 0 }, "end": { "line": 117, "column": 98 } },
      "117": { "start": { "line": 118, "column": 0 }, "end": { "line": 118, "column": 103 } },
      "118": { "start": { "line": 119, "column": 0 }, "end": { "line": 119, "column": 97 } },
      "119": { "start": { "line": 120, "column": 0 }, "end": { "line": 120, "column": 94 } },
      "120": { "start": { "line": 121, "column": 0 }, "end": { "line": 121, "column": 12 } },
      "121": { "start": { "line": 122, "column": 0 }, "end": { "line": 122, "column": 10 } },
      "123": { "start": { "line": 124, "column": 0 }, "end": { "line": 124, "column": 2 } },
      "125": { "start": { "line": 126, "column": 0 }, "end": { "line": 126, "column": 32 } },
      "126": { "start": { "line": 127, "column": 0 }, "end": { "line": 127, "column": 41 } },
      "127": { "start": { "line": 128, "column": 0 }, "end": { "line": 128, "column": 92 } },
      "128": { "start": { "line": 129, "column": 0 }, "end": { "line": 129, "column": 45 } },
      "129": { "start": { "line": 130, "column": 0 }, "end": { "line": 130, "column": 2 } },
      "131": { "start": { "line": 132, "column": 0 }, "end": { "line": 132, "column": 23 } },
      "132": { "start": { "line": 133, "column": 0 }, "end": { "line": 133, "column": 10 } },
      "133": { "start": { "line": 134, "column": 0 }, "end": { "line": 134, "column": 19 } },
      "134": { "start": { "line": 135, "column": 0 }, "end": { "line": 135, "column": 20 } },
      "135": { "start": { "line": 136, "column": 0 }, "end": { "line": 136, "column": 24 } },
      "136": { "start": { "line": 137, "column": 0 }, "end": { "line": 137, "column": 21 } },
      "137": { "start": { "line": 138, "column": 0 }, "end": { "line": 138, "column": 20 } },
      "139": { "start": { "line": 140, "column": 0 }, "end": { "line": 140, "column": 2 } },
      "141": { "start": { "line": 142, "column": 0 }, "end": { "line": 142, "column": 19 } }
    },
    "s": {
      "0": 0,
      "1": 0,
      "2": 0,
      "3": 0,
      "4": 0,
      "5": 0,
      "6": 0,
      "7": 0,
      "8": 0,
      "9": 0,
      "10": 0,
      "11": 0,
      "13": 0,
      "14": 0,
      "15": 0,
      "17": 0,
      "18": 0,
      "19": 0,
      "20": 0,
      "21": 0,
      "23": 0,
      "24": 0,
      "25": 0,
      "27": 0,
      "28": 0,
      "31": 0,
      "32": 0,
      "34": 0,
      "35": 0,
      "36": 0,
      "37": 0,
      "39": 0,
      "40": 0,
      "41": 0,
      "42": 0,
      "43": 0,
      "46": 0,
      "47": 0,
      "48": 0,
      "49": 0,
      "50": 0,
      "51": 0,
      "52": 0,
      "53": 0,
      "54": 0,
      "55": 0,
      "58": 0,
      "59": 0,
      "60": 0,
      "61": 0,
      "62": 0,
      "63": 0,
      "64": 0,
      "67": 0,
      "68": 0,
      "69": 0,
      "70": 0,
      "71": 0,
      "72": 0,
      "73": 0,
      "74": 0,
      "75": 0,
      "76": 0,
      "77": 0,
      "78": 0,
      "79": 0,
      "80": 0,
      "81": 0,
      "82": 0,
      "83": 0,
      "84": 0,
      "85": 0,
      "86": 0,
      "87": 0,
      "88": 0,
      "89": 0,
      "90": 0,
      "91": 0,
      "92": 0,
      "94": 0,
      "95": 0,
      "96": 0,
      "97": 0,
      "98": 0,
      "99": 0,
      "102": 0,
      "103": 0,
      "104": 0,
      "105": 0,
      "106": 0,
      "107": 0,
      "108": 0,
      "109": 0,
      "110": 0,
      "111": 0,
      "112": 0,
      "115": 0,
      "116": 0,
      "117": 0,
      "118": 0,
      "119": 0,
      "120": 0,
      "121": 0,
      "123": 0,
      "125": 0,
      "126": 0,
      "127": 0,
      "128": 0,
      "129": 0,
      "131": 0,
      "132": 0,
      "133": 0,
      "134": 0,
      "135": 0,
      "136": 0,
      "137": 0,
      "139": 0,
      "141": 0
    },
    "branchMap": {
      "0": {
        "type": "branch",
        "line": 1,
        "loc": { "start": { "line": 1, "column": 4912 }, "end": { "line": 142, "column": 19 } },
        "locations": [
          { "start": { "line": 1, "column": 4912 }, "end": { "line": 142, "column": 19 } }
        ]
      }
    },
    "b": { "0": [0] },
    "fnMap": {
      "0": {
        "name": "(empty-report)",
        "decl": { "start": { "line": 1, "column": 4912 }, "end": { "line": 142, "column": 19 } },
        "loc": { "start": { "line": 1, "column": 4912 }, "end": { "line": 142, "column": 19 } },
        "line": 1
      }
    },
    "f": { "0": 0 }
  },
  "C:\\Users\\Coemi\\Desktop\\SCRIPT\\appPalestra\\migration-v2\\src\\components\\AddExerciseModal.tsx": {
    "path": "C:\\Users\\Coemi\\Desktop\\SCRIPT\\appPalestra\\migration-v2\\src\\components\\AddExerciseModal.tsx",
    "all": false,
    "statementMap": {
      "0": { "start": { "line": 1, "column": 0 }, "end": { "line": 1, "column": 42 } },
      "1": { "start": { "line": 2, "column": 0 }, "end": { "line": 2, "column": 33 } },
      "2": { "start": { "line": 3, "column": 0 }, "end": { "line": 3, "column": 40 } },
      "3": { "start": { "line": 4, "column": 0 }, "end": { "line": 4, "column": 62 } },
      "11": { "start": { "line": 12, "column": 0 }, "end": { "line": 12, "column": 96 } },
      "12": { "start": { "line": 13, "column": 0 }, "end": { "line": 13, "column": 45 } },
      "13": { "start": { "line": 14, "column": 0 }, "end": { "line": 14, "column": 47 } },
      "15": { "start": { "line": 16, "column": 0 }, "end": { "line": 16, "column": 41 } },
      "16": { "start": { "line": 17, "column": 0 }, "end": { "line": 17, "column": 26 } },
      "17": { "start": { "line": 18, "column": 0 }, "end": { "line": 18, "column": 59 } },
      "21": { "start": { "line": 22, "column": 0 }, "end": { "line": 22, "column": 97 } },
      "23": { "start": { "line": 24, "column": 0 }, "end": { "line": 24, "column": 16 } },
      "24": { "start": { "line": 25, "column": 0 }, "end": { "line": 25, "column": 57 } },
      "26": { "start": { "line": 27, "column": 0 }, "end": { "line": 27, "column": 54 } },
      "27": { "start": { "line": 28, "column": 0 }, "end": { "line": 28, "column": 18 } },
      "28": { "start": { "line": 29, "column": 0 }, "end": { "line": 29, "column": 16 } },
      "29": { "start": { "line": 30, "column": 0 }, "end": { "line": 30, "column": 5 } },
      "30": { "start": { "line": 31, "column": 0 }, "end": { "line": 31, "column": 4 } },
      "33": { "start": { "line": 34, "column": 0 }, "end": { "line": 34, "column": 53 } },
      "34": { "start": { "line": 35, "column": 0 }, "end": { "line": 35, "column": 72 } },
      "35": { "start": { "line": 36, "column": 0 }, "end": { "line": 36, "column": 38 } },
      "36": { "start": { "line": 37, "column": 0 }, "end": { "line": 37, "column": 58 } },
      "37": { "start": { "line": 38, "column": 0 }, "end": { "line": 38, "column": 82 } },
      "38": { "start": { "line": 39, "column": 0 }, "end": { "line": 39, "column": 14 } },
      "39": { "start": { "line": 40, "column": 0 }, "end": { "line": 40, "column": 36 } },
      "40": { "start": { "line": 41, "column": 0 }, "end": { "line": 41, "column": 39 } },
      "41": { "start": { "line": 42, "column": 0 }, "end": { "line": 42, "column": 31 } },
      "42": { "start": { "line": 43, "column": 0 }, "end": { "line": 43, "column": 120 } },
      "43": { "start": { "line": 44, "column": 0 }, "end": { "line": 44, "column": 16 } },
      "44": { "start": { "line": 45, "column": 0 }, "end": { "line": 45, "column": 39 } },
      "45": { "start": { "line": 46, "column": 0 }, "end": { "line": 46, "column": 43 } },
      "46": { "start": { "line": 47, "column": 0 }, "end": { "line": 47, "column": 106 } },
      "47": { "start": { "line": 48, "column": 0 }, "end": { "line": 48, "column": 16 } },
      "48": { "start": { "line": 49, "column": 0 }, "end": { "line": 49, "column": 94 } },
      "49": { "start": { "line": 50, "column": 0 }, "end": { "line": 50, "column": 14 } },
      "50": { "start": { "line": 51, "column": 0 }, "end": { "line": 51, "column": 12 } },
      "51": { "start": { "line": 52, "column": 0 }, "end": { "line": 52, "column": 10 } }
    },
    "s": {
      "0": 1,
      "1": 1,
      "2": 1,
      "3": 1,
      "11": 1,
      "12": 2,
      "13": 2,
      "15": 2,
      "16": 2,
      "17": 2,
      "21": 2,
      "23": 2,
      "24": 2,
      "26": 2,
      "27": 2,
      "28": 2,
      "29": 2,
      "30": 2,
      "33": 2,
      "34": 2,
      "35": 3,
      "36": 3,
      "37": 3,
      "38": 3,
      "39": 3,
      "40": 3,
      "41": 3,
      "42": 5,
      "43": 4,
      "44": 3,
      "45": 3,
      "46": 5,
      "47": 4,
      "48": 5,
      "49": 5,
      "50": 5,
      "51": 5
    },
    "branchMap": {
      "0": {
        "type": "branch",
        "line": 12,
        "loc": { "start": { "line": 12, "column": 59 }, "end": { "line": 52, "column": 10 } },
        "locations": [
          { "start": { "line": 12, "column": 59 }, "end": { "line": 52, "column": 10 } }
        ]
      },
      "1": {
        "type": "branch",
        "line": 31,
        "loc": { "start": { "line": 31, "column": 3 }, "end": { "line": 31, "column": 4 } },
        "locations": [{ "start": { "line": 31, "column": 3 }, "end": { "line": 31, "column": 4 } }]
      },
      "2": {
        "type": "branch",
        "line": 32,
        "loc": { "start": { "line": 32, "column": -1 }, "end": { "line": 37, "column": 58 } },
        "locations": [
          { "start": { "line": 32, "column": -1 }, "end": { "line": 37, "column": 58 } }
        ]
      },
      "3": {
        "type": "branch",
        "line": 38,
        "loc": { "start": { "line": 38, "column": -1 }, "end": { "line": 38, "column": 82 } },
        "locations": [
          { "start": { "line": 38, "column": -1 }, "end": { "line": 38, "column": 82 } }
        ]
      },
      "4": {
        "type": "branch",
        "line": 38,
        "loc": { "start": { "line": 38, "column": 73 }, "end": { "line": 38, "column": 82 } },
        "locations": [
          { "start": { "line": 38, "column": 73 }, "end": { "line": 38, "column": 82 } }
        ]
      },
      "5": {
        "type": "branch",
        "line": 38,
        "loc": { "start": { "line": 38, "column": 73 }, "end": { "line": 39, "column": 14 } },
        "locations": [
          { "start": { "line": 38, "column": 73 }, "end": { "line": 39, "column": 14 } }
        ]
      },
      "6": {
        "type": "branch",
        "line": 40,
        "loc": { "start": { "line": 40, "column": -1 }, "end": { "line": 42, "column": 31 } },
        "locations": [
          { "start": { "line": 40, "column": -1 }, "end": { "line": 42, "column": 31 } }
        ]
      },
      "7": {
        "type": "branch",
        "line": 43,
        "loc": { "start": { "line": 43, "column": -1 }, "end": { "line": 43, "column": 90 } },
        "locations": [
          { "start": { "line": 43, "column": -1 }, "end": { "line": 43, "column": 90 } }
        ]
      },
      "8": {
        "type": "branch",
        "line": 43,
        "loc": { "start": { "line": 43, "column": 76 }, "end": { "line": 43, "column": 90 } },
        "locations": [
          { "start": { "line": 43, "column": 76 }, "end": { "line": 43, "column": 90 } }
        ]
      },
      "9": {
        "type": "branch",
        "line": 43,
        "loc": { "start": { "line": 43, "column": 76 }, "end": { "line": 44, "column": 16 } },
        "locations": [
          { "start": { "line": 43, "column": 76 }, "end": { "line": 44, "column": 16 } }
        ]
      },
      "10": {
        "type": "branch",
        "line": 45,
        "loc": { "start": { "line": 45, "column": -1 }, "end": { "line": 46, "column": 43 } },
        "locations": [
          { "start": { "line": 45, "column": -1 }, "end": { "line": 46, "column": 43 } }
        ]
      },
      "11": {
        "type": "branch",
        "line": 47,
        "loc": { "start": { "line": 47, "column": -1 }, "end": { "line": 47, "column": 92 } },
        "locations": [
          { "start": { "line": 47, "column": -1 }, "end": { "line": 47, "column": 92 } }
        ]
      },
      "12": {
        "type": "branch",
        "line": 47,
        "loc": { "start": { "line": 47, "column": 78 }, "end": { "line": 47, "column": 92 } },
        "locations": [
          { "start": { "line": 47, "column": 78 }, "end": { "line": 47, "column": 92 } }
        ]
      },
      "13": {
        "type": "branch",
        "line": 47,
        "loc": { "start": { "line": 47, "column": 78 }, "end": { "line": 48, "column": 16 } },
        "locations": [
          { "start": { "line": 47, "column": 78 }, "end": { "line": 48, "column": 16 } }
        ]
      },
      "14": {
        "type": "branch",
        "line": 16,
        "loc": { "start": { "line": 16, "column": 28 }, "end": { "line": 30, "column": 5 } },
        "locations": [{ "start": { "line": 16, "column": 28 }, "end": { "line": 30, "column": 5 } }]
      },
      "15": {
        "type": "branch",
        "line": 17,
        "loc": { "start": { "line": 17, "column": 23 }, "end": { "line": 24, "column": 13 } },
        "locations": [
          { "start": { "line": 17, "column": 23 }, "end": { "line": 24, "column": 13 } }
        ]
      },
      "16": {
        "type": "branch",
        "line": 24,
        "loc": { "start": { "line": 24, "column": 13 }, "end": { "line": 25, "column": 57 } },
        "locations": [
          { "start": { "line": 24, "column": 13 }, "end": { "line": 25, "column": 57 } }
        ]
      },
      "17": {
        "type": "branch",
        "line": 25,
        "loc": { "start": { "line": 25, "column": 56 }, "end": { "line": 29, "column": 16 } },
        "locations": [
          { "start": { "line": 25, "column": 56 }, "end": { "line": 29, "column": 16 } }
        ]
      },
      "18": {
        "type": "branch",
        "line": 43,
        "loc": { "start": { "line": 43, "column": 45 }, "end": { "line": 43, "column": 76 } },
        "locations": [
          { "start": { "line": 43, "column": 45 }, "end": { "line": 43, "column": 76 } }
        ]
      },
      "19": {
        "type": "branch",
        "line": 47,
        "loc": { "start": { "line": 47, "column": 46 }, "end": { "line": 47, "column": 78 } },
        "locations": [
          { "start": { "line": 47, "column": 46 }, "end": { "line": 47, "column": 78 } }
        ]
      },
      "20": {
        "type": "branch",
        "line": 12,
        "loc": { "start": { "line": 12, "column": 59 }, "end": { "line": 35, "column": 72 } },
        "locations": [
          { "start": { "line": 12, "column": 59 }, "end": { "line": 35, "column": 72 } }
        ]
      }
    },
    "b": {
      "0": [5],
      "1": [0],
      "2": [1],
      "3": [3],
      "4": [2],
      "5": [3],
      "6": [3],
      "7": [3],
      "8": [2],
      "9": [4],
      "10": [3],
      "11": [3],
      "12": [2],
      "13": [4],
      "14": [2],
      "15": [1],
      "16": [0],
      "17": [1],
      "18": [1],
      "19": [1],
      "20": [2]
    },
    "fnMap": {
      "0": {
        "name": "AddExerciseModal",
        "decl": { "start": { "line": 12, "column": 59 }, "end": { "line": 52, "column": 10 } },
        "loc": { "start": { "line": 12, "column": 59 }, "end": { "line": 52, "column": 10 } },
        "line": 12
      },
      "1": {
        "name": "t1",
        "decl": { "start": { "line": 16, "column": 28 }, "end": { "line": 30, "column": 5 } },
        "loc": { "start": { "line": 16, "column": 28 }, "end": { "line": 30, "column": 5 } },
        "line": 16
      },
      "2": {
        "name": "t6",
        "decl": { "start": { "line": 43, "column": 45 }, "end": { "line": 43, "column": 76 } },
        "loc": { "start": { "line": 43, "column": 45 }, "end": { "line": 43, "column": 76 } },
        "line": 43
      },
      "3": {
        "name": "t9",
        "decl": { "start": { "line": 47, "column": 46 }, "end": { "line": 47, "column": 78 } },
        "loc": { "start": { "line": 47, "column": 46 }, "end": { "line": 47, "column": 78 } },
        "line": 47
      },
      "4": {
        "name": "_temp",
        "decl": { "start": { "line": 12, "column": 59 }, "end": { "line": 35, "column": 72 } },
        "loc": { "start": { "line": 12, "column": 59 }, "end": { "line": 35, "column": 72 } },
        "line": 12
      }
    },
    "f": { "0": 5, "1": 2, "2": 1, "3": 1, "4": 2 }
  },
  "C:\\Users\\Coemi\\Desktop\\SCRIPT\\appPalestra\\migration-v2\\src\\components\\Auth.tsx": {
    "path": "C:\\Users\\Coemi\\Desktop\\SCRIPT\\appPalestra\\migration-v2\\src\\components\\Auth.tsx",
    "all": true,
    "statementMap": {
      "0": { "start": { "line": 1, "column": 0 }, "end": { "line": 1, "column": 40 } },
      "1": { "start": { "line": 2, "column": 0 }, "end": { "line": 2, "column": 43 } },
      "2": { "start": { "line": 3, "column": 0 }, "end": { "line": 3, "column": 51 } },
      "4": { "start": { "line": 5, "column": 0 }, "end": { "line": 5, "column": 37 } },
      "5": { "start": { "line": 6, "column": 0 }, "end": { "line": 6, "column": 48 } },
      "6": { "start": { "line": 7, "column": 0 }, "end": { "line": 7, "column": 41 } },
      "7": { "start": { "line": 8, "column": 0 }, "end": { "line": 8, "column": 47 } },
      "8": { "start": { "line": 9, "column": 0 }, "end": { "line": 9, "column": 60 } },
      "9": { "start": { "line": 10, "column": 0 }, "end": { "line": 10, "column": 99 } },
      "11": { "start": { "line": 12, "column": 0 }, "end": { "line": 12, "column": 52 } },
      "12": { "start": { "line": 13, "column": 0 }, "end": { "line": 13, "column": 23 } },
      "13": { "start": { "line": 14, "column": 0 }, "end": { "line": 14, "column": 21 } },
      "14": { "start": { "line": 15, "column": 0 }, "end": { "line": 15, "column": 21 } },
      "16": { "start": { "line": 17, "column": 0 }, "end": { "line": 17, "column": 9 } },
      "17": { "start": { "line": 18, "column": 0 }, "end": { "line": 18, "column": 26 } },
      "18": { "start": { "line": 19, "column": 0 }, "end": { "line": 19, "column": 74 } },
      "19": { "start": { "line": 20, "column": 0 }, "end": { "line": 20, "column": 31 } },
      "20": { "start": { "line": 21, "column": 0 }, "end": { "line": 21, "column": 109 } },
      "21": { "start": { "line": 22, "column": 0 }, "end": { "line": 22, "column": 14 } },
      "22": { "start": { "line": 23, "column": 0 }, "end": { "line": 23, "column": 86 } },
      "23": { "start": { "line": 24, "column": 0 }, "end": { "line": 24, "column": 31 } },
      "24": { "start": { "line": 25, "column": 0 }, "end": { "line": 25, "column": 7 } },
      "25": { "start": { "line": 26, "column": 0 }, "end": { "line": 26, "column": 26 } },
      "26": { "start": { "line": 27, "column": 0 }, "end": { "line": 27, "column": 57 } },
      "27": { "start": { "line": 28, "column": 0 }, "end": { "line": 28, "column": 15 } },
      "28": { "start": { "line": 29, "column": 0 }, "end": { "line": 29, "column": 24 } },
      "29": { "start": { "line": 30, "column": 0 }, "end": { "line": 30, "column": 5 } },
      "30": { "start": { "line": 31, "column": 0 }, "end": { "line": 31, "column": 4 } },
      "32": { "start": { "line": 33, "column": 0 }, "end": { "line": 33, "column": 10 } },
      "33": { "start": { "line": 34, "column": 0 }, "end": { "line": 34, "column": 36 } },
      "34": { "start": { "line": 35, "column": 0 }, "end": { "line": 35, "column": 33 } },
      "35": { "start": { "line": 36, "column": 0 }, "end": { "line": 36, "column": 37 } },
      "36": { "start": { "line": 37, "column": 0 }, "end": { "line": 37, "column": 81 } },
      "37": { "start": { "line": 38, "column": 0 }, "end": { "line": 38, "column": 102 } },
      "38": { "start": { "line": 39, "column": 0 }, "end": { "line": 39, "column": 14 } },
      "40": { "start": { "line": 41, "column": 0 }, "end": { "line": 41, "column": 58 } },
      "41": { "start": { "line": 42, "column": 0 }, "end": { "line": 42, "column": 39 } },
      "42": { "start": { "line": 43, "column": 0 }, "end": { "line": 43, "column": 113 } },
      "43": { "start": { "line": 44, "column": 0 }, "end": { "line": 44, "column": 19 } },
      "44": { "start": { "line": 45, "column": 0 }, "end": { "line": 45, "column": 27 } },
      "45": { "start": { "line": 46, "column": 0 }, "end": { "line": 46, "column": 28 } },
      "46": { "start": { "line": 47, "column": 0 }, "end": { "line": 47, "column": 55 } },
      "47": { "start": { "line": 48, "column": 0 }, "end": { "line": 48, "column": 43 } },
      "48": { "start": { "line": 49, "column": 0 }, "end": { "line": 49, "column": 23 } },
      "49": { "start": { "line": 50, "column": 0 }, "end": { "line": 50, "column": 14 } },
      "50": { "start": { "line": 51, "column": 0 }, "end": { "line": 51, "column": 16 } },
      "52": { "start": { "line": 53, "column": 0 }, "end": { "line": 53, "column": 39 } },
      "53": { "start": { "line": 54, "column": 0 }, "end": { "line": 54, "column": 116 } },
      "54": { "start": { "line": 55, "column": 0 }, "end": { "line": 55, "column": 19 } },
      "55": { "start": { "line": 56, "column": 0 }, "end": { "line": 56, "column": 30 } },
      "56": { "start": { "line": 57, "column": 0 }, "end": { "line": 57, "column": 31 } },
      "57": { "start": { "line": 58, "column": 0 }, "end": { "line": 58, "column": 58 } },
      "58": { "start": { "line": 59, "column": 0 }, "end": { "line": 59, "column": 37 } },
      "59": { "start": { "line": 60, "column": 0 }, "end": { "line": 60, "column": 23 } },
      "60": { "start": { "line": 61, "column": 0 }, "end": { "line": 61, "column": 14 } },
      "61": { "start": { "line": 62, "column": 0 }, "end": { "line": 62, "column": 16 } },
      "63": { "start": { "line": 64, "column": 0 }, "end": { "line": 64, "column": 23 } },
      "64": { "start": { "line": 65, "column": 0 }, "end": { "line": 65, "column": 60 } },
      "65": { "start": { "line": 66, "column": 0 }, "end": { "line": 66, "column": 28 } },
      "66": { "start": { "line": 67, "column": 0 }, "end": { "line": 67, "column": 18 } },
      "69": { "start": { "line": 70, "column": 0 }, "end": { "line": 70, "column": 72 } },
      "70": { "start": { "line": 71, "column": 0 }, "end": { "line": 71, "column": 109 } },
      "71": { "start": { "line": 72, "column": 0 }, "end": { "line": 72, "column": 19 } },
      "72": { "start": { "line": 73, "column": 0 }, "end": { "line": 73, "column": 15 } },
      "74": { "start": { "line": 75, "column": 0 }, "end": { "line": 75, "column": 37 } },
      "75": { "start": { "line": 76, "column": 0 }, "end": { "line": 76, "column": 136 } },
      "76": { "start": { "line": 77, "column": 0 }, "end": { "line": 77, "column": 84 } },
      "77": { "start": { "line": 78, "column": 0 }, "end": { "line": 78, "column": 19 } },
      "78": { "start": { "line": 79, "column": 0 }, "end": { "line": 79, "column": 14 } },
      "79": { "start": { "line": 80, "column": 0 }, "end": { "line": 80, "column": 12 } },
      "80": { "start": { "line": 81, "column": 0 }, "end": { "line": 81, "column": 10 } },
      "82": { "start": { "line": 83, "column": 0 }, "end": { "line": 83, "column": 2 } }
    },
    "s": {
      "0": 0,
      "1": 0,
      "2": 0,
      "4": 0,
      "5": 0,
      "6": 0,
      "7": 0,
      "8": 0,
      "9": 0,
      "11": 0,
      "12": 0,
      "13": 0,
      "14": 0,
      "16": 0,
      "17": 0,
      "18": 0,
      "19": 0,
      "20": 0,
      "21": 0,
      "22": 0,
      "23": 0,
      "24": 0,
      "25": 0,
      "26": 0,
      "27": 0,
      "28": 0,
      "29": 0,
      "30": 0,
      "32": 0,
      "33": 0,
      "34": 0,
      "35": 0,
      "36": 0,
      "37": 0,
      "38": 0,
      "40": 0,
      "41": 0,
      "42": 0,
      "43": 0,
      "44": 0,
      "45": 0,
      "46": 0,
      "47": 0,
      "48": 0,
      "49": 0,
      "50": 0,
      "52": 0,
      "53": 0,
      "54": 0,
      "55": 0,
      "56": 0,
      "57": 0,
      "58": 0,
      "59": 0,
      "60": 0,
      "61": 0,
      "63": 0,
      "64": 0,
      "65": 0,
      "66": 0,
      "69": 0,
      "70": 0,
      "71": 0,
      "72": 0,
      "74": 0,
      "75": 0,
      "76": 0,
      "77": 0,
      "78": 0,
      "79": 0,
      "80": 0,
      "82": 0
    },
    "branchMap": {
      "0": {
        "type": "branch",
        "line": 1,
        "loc": { "start": { "line": 1, "column": 2988 }, "end": { "line": 83, "column": 2 } },
        "locations": [
          { "start": { "line": 1, "column": 2988 }, "end": { "line": 83, "column": 2 } }
        ]
      }
    },
    "b": { "0": [0] },
    "fnMap": {
      "0": {
        "name": "(empty-report)",
        "decl": { "start": { "line": 1, "column": 2988 }, "end": { "line": 83, "column": 2 } },
        "loc": { "start": { "line": 1, "column": 2988 }, "end": { "line": 83, "column": 2 } },
        "line": 1
      }
    },
    "f": { "0": 0 }
  },
  "C:\\Users\\Coemi\\Desktop\\SCRIPT\\appPalestra\\migration-v2\\src\\components\\AuthProvider.tsx": {
    "path": "C:\\Users\\Coemi\\Desktop\\SCRIPT\\appPalestra\\migration-v2\\src\\components\\AuthProvider.tsx",
    "all": true,
    "statementMap": {
      "0": { "start": { "line": 1, "column": 0 }, "end": { "line": 1, "column": 78 } },
      "1": { "start": { "line": 2, "column": 0 }, "end": { "line": 2, "column": 43 } },
      "11": { "start": { "line": 12, "column": 0 }, "end": { "line": 12, "column": 74 } },
      "13": { "start": { "line": 14, "column": 0 }, "end": { "line": 14, "column": 88 } },
      "14": { "start": { "line": 15, "column": 0 }, "end": { "line": 15, "column": 63 } },
      "15": { "start": { "line": 16, "column": 0 }, "end": { "line": 16, "column": 54 } },
      "16": { "start": { "line": 17, "column": 0 }, "end": { "line": 17, "column": 47 } },
      "18": { "start": { "line": 19, "column": 0 }, "end": { "line": 19, "column": 19 } },
      "19": { "start": { "line": 20, "column": 0 }, "end": { "line": 20, "column": 64 } },
      "20": { "start": { "line": 21, "column": 0 }, "end": { "line": 21, "column": 26 } },
      "21": { "start": { "line": 22, "column": 0 }, "end": { "line": 22, "column": 37 } },
      "22": { "start": { "line": 23, "column": 0 }, "end": { "line": 23, "column": 24 } },
      "23": { "start": { "line": 24, "column": 0 }, "end": { "line": 24, "column": 7 } },
      "25": { "start": { "line": 26, "column": 0 }, "end": { "line": 26, "column": 93 } },
      "26": { "start": { "line": 27, "column": 0 }, "end": { "line": 27, "column": 26 } },
      "27": { "start": { "line": 28, "column": 0 }, "end": { "line": 28, "column": 37 } },
      "28": { "start": { "line": 29, "column": 0 }, "end": { "line": 29, "column": 24 } },
      "29": { "start": { "line": 30, "column": 0 }, "end": { "line": 30, "column": 7 } },
      "31": { "start": { "line": 32, "column": 0 }, "end": { "line": 32, "column": 44 } },
      "32": { "start": { "line": 33, "column": 0 }, "end": { "line": 33, "column": 9 } },
      "34": { "start": { "line": 35, "column": 0 }, "end": { "line": 35, "column": 31 } },
      "35": { "start": { "line": 36, "column": 0 }, "end": { "line": 36, "column": 34 } },
      "36": { "start": { "line": 37, "column": 0 }, "end": { "line": 37, "column": 4 } },
      "38": { "start": { "line": 39, "column": 0 }, "end": { "line": 39, "column": 10 } },
      "39": { "start": { "line": 40, "column": 0 }, "end": { "line": 40, "column": 70 } },
      "40": { "start": { "line": 41, "column": 0 }, "end": { "line": 41, "column": 16 } },
      "41": { "start": { "line": 42, "column": 0 }, "end": { "line": 42, "column": 27 } },
      "43": { "start": { "line": 44, "column": 0 }, "end": { "line": 44, "column": 2 } },
      "45": { "start": { "line": 46, "column": 0 }, "end": { "line": 46, "column": 30 } },
      "46": { "start": { "line": 47, "column": 0 }, "end": { "line": 47, "column": 42 } },
      "47": { "start": { "line": 48, "column": 0 }, "end": { "line": 48, "column": 30 } },
      "48": { "start": { "line": 49, "column": 0 }, "end": { "line": 49, "column": 67 } },
      "49": { "start": { "line": 50, "column": 0 }, "end": { "line": 50, "column": 3 } },
      "50": { "start": { "line": 51, "column": 0 }, "end": { "line": 51, "column": 17 } },
      "51": { "start": { "line": 52, "column": 0 }, "end": { "line": 52, "column": 2 } }
    },
    "s": {
      "0": 0,
      "1": 0,
      "11": 0,
      "13": 0,
      "14": 0,
      "15": 0,
      "16": 0,
      "18": 0,
      "19": 0,
      "20": 0,
      "21": 0,
      "22": 0,
      "23": 0,
      "25": 0,
      "26": 0,
      "27": 0,
      "28": 0,
      "29": 0,
      "31": 0,
      "32": 0,
      "34": 0,
      "35": 0,
      "36": 0,
      "38": 0,
      "39": 0,
      "40": 0,
      "41": 0,
      "43": 0,
      "45": 0,
      "46": 0,
      "47": 0,
      "48": 0,
      "49": 0,
      "50": 0,
      "51": 0
    },
    "branchMap": {
      "0": {
        "type": "branch",
        "line": 1,
        "loc": { "start": { "line": 1, "column": 1487 }, "end": { "line": 52, "column": 2 } },
        "locations": [
          { "start": { "line": 1, "column": 1487 }, "end": { "line": 52, "column": 2 } }
        ]
      }
    },
    "b": { "0": [0] },
    "fnMap": {
      "0": {
        "name": "(empty-report)",
        "decl": { "start": { "line": 1, "column": 1487 }, "end": { "line": 52, "column": 2 } },
        "loc": { "start": { "line": 1, "column": 1487 }, "end": { "line": 52, "column": 2 } },
        "line": 1
      }
    },
    "f": { "0": 0 }
  },
  "C:\\Users\\Coemi\\Desktop\\SCRIPT\\appPalestra\\migration-v2\\src\\components\\ErrorBoundary.tsx": {
    "path": "C:\\Users\\Coemi\\Desktop\\SCRIPT\\appPalestra\\migration-v2\\src\\components\\ErrorBoundary.tsx",
    "all": true,
    "statementMap": {
      "0": { "start": { "line": 1, "column": 0 }, "end": { "line": 1, "column": 66 } },
      "1": { "start": { "line": 2, "column": 0 }, "end": { "line": 2, "column": 56 } },
      "11": { "start": { "line": 12, "column": 0 }, "end": { "line": 12, "column": 53 } },
      "12": { "start": { "line": 13, "column": 0 }, "end": { "line": 13, "column": 25 } },
      "13": { "start": { "line": 14, "column": 0 }, "end": { "line": 14, "column": 19 } },
      "14": { "start": { "line": 15, "column": 0 }, "end": { "line": 15, "column": 4 } },
      "16": { "start": { "line": 17, "column": 0 }, "end": { "line": 17, "column": 59 } },
      "17": { "start": { "line": 18, "column": 0 }, "end": { "line": 18, "column": 30 } },
      "18": { "start": { "line": 19, "column": 0 }, "end": { "line": 19, "column": 3 } },
      "20": { "start": { "line": 21, "column": 0 }, "end": { "line": 21, "column": 64 } },
      "21": { "start": { "line": 22, "column": 0 }, "end": { "line": 22, "column": 55 } },
      "22": { "start": { "line": 23, "column": 0 }, "end": { "line": 23, "column": 3 } },
      "24": { "start": { "line": 25, "column": 0 }, "end": { "line": 25, "column": 19 } },
      "25": { "start": { "line": 26, "column": 0 }, "end": { "line": 26, "column": 30 } },
      "26": { "start": { "line": 27, "column": 0 }, "end": { "line": 27, "column": 14 } },
      "27": { "start": { "line": 28, "column": 0 }, "end": { "line": 28, "column": 21 } },
      "28": { "start": { "line": 29, "column": 0 }, "end": { "line": 29, "column": 26 } },
      "29": { "start": { "line": 30, "column": 0 }, "end": { "line": 30, "column": 26 } },
      "30": { "start": { "line": 31, "column": 0 }, "end": { "line": 31, "column": 34 } },
      "31": { "start": { "line": 32, "column": 0 }, "end": { "line": 32, "column": 31 } },
      "32": { "start": { "line": 33, "column": 0 }, "end": { "line": 33, "column": 35 } },
      "33": { "start": { "line": 34, "column": 0 }, "end": { "line": 34, "column": 26 } },
      "34": { "start": { "line": 35, "column": 0 }, "end": { "line": 35, "column": 30 } },
      "35": { "start": { "line": 36, "column": 0 }, "end": { "line": 36, "column": 29 } },
      "36": { "start": { "line": 37, "column": 0 }, "end": { "line": 37, "column": 24 } },
      "37": { "start": { "line": 38, "column": 0 }, "end": { "line": 38, "column": 45 } },
      "38": { "start": { "line": 39, "column": 0 }, "end": { "line": 39, "column": 11 } },
      "39": { "start": { "line": 40, "column": 0 }, "end": { "line": 40, "column": 101 } },
      "40": { "start": { "line": 41, "column": 0 }, "end": { "line": 41, "column": 101 } },
      "41": { "start": { "line": 42, "column": 0 }, "end": { "line": 42, "column": 80 } },
      "43": { "start": { "line": 44, "column": 0 }, "end": { "line": 44, "column": 14 } },
      "44": { "start": { "line": 45, "column": 0 }, "end": { "line": 45, "column": 17 } },
      "45": { "start": { "line": 46, "column": 0 }, "end": { "line": 46, "column": 52 } },
      "46": { "start": { "line": 47, "column": 0 }, "end": { "line": 47, "column": 20 } },
      "47": { "start": { "line": 48, "column": 0 }, "end": { "line": 48, "column": 30 } },
      "48": { "start": { "line": 49, "column": 0 }, "end": { "line": 49, "column": 35 } },
      "49": { "start": { "line": 50, "column": 0 }, "end": { "line": 50, "column": 25 } },
      "50": { "start": { "line": 51, "column": 0 }, "end": { "line": 51, "column": 51 } },
      "51": { "start": { "line": 52, "column": 0 }, "end": { "line": 52, "column": 29 } },
      "52": { "start": { "line": 53, "column": 0 }, "end": { "line": 53, "column": 29 } },
      "53": { "start": { "line": 54, "column": 0 }, "end": { "line": 54, "column": 35 } },
      "54": { "start": { "line": 55, "column": 0 }, "end": { "line": 55, "column": 34 } },
      "55": { "start": { "line": 56, "column": 0 }, "end": { "line": 56, "column": 31 } },
      "56": { "start": { "line": 57, "column": 0 }, "end": { "line": 57, "column": 33 } },
      "57": { "start": { "line": 58, "column": 0 }, "end": { "line": 58, "column": 31 } },
      "58": { "start": { "line": 59, "column": 0 }, "end": { "line": 59, "column": 14 } },
      "60": { "start": { "line": 61, "column": 0 }, "end": { "line": 61, "column": 48 } },
      "61": { "start": { "line": 62, "column": 0 }, "end": { "line": 62, "column": 19 } },
      "62": { "start": { "line": 63, "column": 0 }, "end": { "line": 63, "column": 14 } },
      "64": { "start": { "line": 65, "column": 0 }, "end": { "line": 65, "column": 5 } },
      "66": { "start": { "line": 67, "column": 0 }, "end": { "line": 67, "column": 31 } },
      "67": { "start": { "line": 68, "column": 0 }, "end": { "line": 68, "column": 3 } },
      "68": { "start": { "line": 69, "column": 0 }, "end": { "line": 69, "column": 1 } },
      "70": { "start": { "line": 71, "column": 0 }, "end": { "line": 71, "column": 29 } }
    },
    "s": {
      "0": 0,
      "1": 0,
      "11": 0,
      "12": 0,
      "13": 0,
      "14": 0,
      "16": 0,
      "17": 0,
      "18": 0,
      "20": 0,
      "21": 0,
      "22": 0,
      "24": 0,
      "25": 0,
      "26": 0,
      "27": 0,
      "28": 0,
      "29": 0,
      "30": 0,
      "31": 0,
      "32": 0,
      "33": 0,
      "34": 0,
      "35": 0,
      "36": 0,
      "37": 0,
      "38": 0,
      "39": 0,
      "40": 0,
      "41": 0,
      "43": 0,
      "44": 0,
      "45": 0,
      "46": 0,
      "47": 0,
      "48": 0,
      "49": 0,
      "50": 0,
      "51": 0,
      "52": 0,
      "53": 0,
      "54": 0,
      "55": 0,
      "56": 0,
      "57": 0,
      "58": 0,
      "60": 0,
      "61": 0,
      "62": 0,
      "64": 0,
      "66": 0,
      "67": 0,
      "68": 0,
      "70": 0
    },
    "branchMap": {
      "0": {
        "type": "branch",
        "line": 1,
        "loc": { "start": { "line": 1, "column": 2081 }, "end": { "line": 71, "column": 29 } },
        "locations": [
          { "start": { "line": 1, "column": 2081 }, "end": { "line": 71, "column": 29 } }
        ]
      }
    },
    "b": { "0": [0] },
    "fnMap": {
      "0": {
        "name": "(empty-report)",
        "decl": { "start": { "line": 1, "column": 2081 }, "end": { "line": 71, "column": 29 } },
        "loc": { "start": { "line": 1, "column": 2081 }, "end": { "line": 71, "column": 29 } },
        "line": 1
      }
    },
    "f": { "0": 0 }
  },
  "C:\\Users\\Coemi\\Desktop\\SCRIPT\\appPalestra\\migration-v2\\src\\components\\HistoryView.tsx": {
    "path": "C:\\Users\\Coemi\\Desktop\\SCRIPT\\appPalestra\\migration-v2\\src\\components\\HistoryView.tsx",
    "all": true,
    "statementMap": {
      "0": { "start": { "line": 1, "column": 0 }, "end": { "line": 1, "column": 51 } },
      "1": { "start": { "line": 2, "column": 0 }, "end": { "line": 2, "column": 43 } },
      "2": { "start": { "line": 3, "column": 0 }, "end": { "line": 3, "column": 119 } },
      "3": { "start": { "line": 4, "column": 0 }, "end": { "line": 4, "column": 92 } },
      "4": { "start": { "line": 5, "column": 0 }, "end": { "line": 5, "column": 45 } },
      "5": { "start": { "line": 6, "column": 0 }, "end": { "line": 6, "column": 60 } },
      "6": { "start": { "line": 7, "column": 0 }, "end": { "line": 7, "column": 40 } },
      "27": { "start": { "line": 28, "column": 0 }, "end": { "line": 28, "column": 44 } },
      "28": { "start": { "line": 29, "column": 0 }, "end": { "line": 29, "column": 60 } },
      "29": { "start": { "line": 30, "column": 0 }, "end": { "line": 30, "column": 67 } },
      "30": { "start": { "line": 31, "column": 0 }, "end": { "line": 31, "column": 63 } },
      "31": { "start": { "line": 32, "column": 0 }, "end": { "line": 32, "column": 72 } },
      "32": { "start": { "line": 33, "column": 0 }, "end": { "line": 33, "column": 47 } },
      "33": { "start": { "line": 34, "column": 0 }, "end": { "line": 34, "column": 83 } },
      "35": { "start": { "line": 36, "column": 0 }, "end": { "line": 36, "column": 19 } },
      "36": { "start": { "line": 37, "column": 0 }, "end": { "line": 37, "column": 23 } },
      "37": { "start": { "line": 38, "column": 0 }, "end": { "line": 38, "column": 9 } },
      "39": { "start": { "line": 40, "column": 0 }, "end": { "line": 40, "column": 19 } },
      "40": { "start": { "line": 41, "column": 0 }, "end": { "line": 41, "column": 41 } },
      "41": { "start": { "line": 42, "column": 0 }, "end": { "line": 42, "column": 21 } },
      "43": { "start": { "line": 44, "column": 0 }, "end": { "line": 44, "column": 40 } },
      "44": { "start": { "line": 45, "column": 0 }, "end": { "line": 45, "column": 21 } },
      "47": { "start": { "line": 48, "column": 0 }, "end": { "line": 48, "column": 67 } },
      "49": { "start": { "line": 50, "column": 0 }, "end": { "line": 50, "column": 19 } },
      "50": { "start": { "line": 51, "column": 0 }, "end": { "line": 51, "column": 50 } },
      "51": { "start": { "line": 52, "column": 0 }, "end": { "line": 52, "column": 20 } },
      "52": { "start": { "line": 53, "column": 0 }, "end": { "line": 53, "column": 73 } },
      "53": { "start": { "line": 54, "column": 0 }, "end": { "line": 54, "column": 16 } },
      "54": { "start": { "line": 55, "column": 0 }, "end": { "line": 55, "column": 19 } },
      "55": { "start": { "line": 56, "column": 0 }, "end": { "line": 56, "column": 109 } },
      "56": { "start": { "line": 57, "column": 0 }, "end": { "line": 57, "column": 31 } },
      "57": { "start": { "line": 58, "column": 0 }, "end": { "line": 58, "column": 22 } },
      "58": { "start": { "line": 59, "column": 0 }, "end": { "line": 59, "column": 48 } },
      "59": { "start": { "line": 60, "column": 0 }, "end": { "line": 60, "column": 10 } },
      "60": { "start": { "line": 61, "column": 0 }, "end": { "line": 61, "column": 9 } },
      "61": { "start": { "line": 62, "column": 0 }, "end": { "line": 62, "column": 28 } },
      "62": { "start": { "line": 63, "column": 0 }, "end": { "line": 63, "column": 5 } },
      "65": { "start": { "line": 66, "column": 0 }, "end": { "line": 66, "column": 43 } },
      "66": { "start": { "line": 67, "column": 0 }, "end": { "line": 67, "column": 24 } },
      "67": { "start": { "line": 68, "column": 0 }, "end": { "line": 68, "column": 25 } },
      "68": { "start": { "line": 69, "column": 0 }, "end": { "line": 69, "column": 21 } },
      "70": { "start": { "line": 71, "column": 0 }, "end": { "line": 71, "column": 17 } },
      "72": { "start": { "line": 73, "column": 0 }, "end": { "line": 73, "column": 89 } },
      "73": { "start": { "line": 74, "column": 0 }, "end": { "line": 74, "column": 27 } },
      "74": { "start": { "line": 75, "column": 0 }, "end": { "line": 75, "column": 5 } },
      "76": { "start": { "line": 77, "column": 0 }, "end": { "line": 77, "column": 22 } },
      "77": { "start": { "line": 78, "column": 0 }, "end": { "line": 78, "column": 4 } },
      "79": { "start": { "line": 80, "column": 0 }, "end": { "line": 80, "column": 40 } },
      "80": { "start": { "line": 81, "column": 0 }, "end": { "line": 81, "column": 30 } },
      "83": { "start": { "line": 84, "column": 0 }, "end": { "line": 84, "column": 68 } },
      "84": { "start": { "line": 85, "column": 0 }, "end": { "line": 85, "column": 24 } },
      "86": { "start": { "line": 87, "column": 0 }, "end": { "line": 87, "column": 41 } },
      "87": { "start": { "line": 88, "column": 0 }, "end": { "line": 88, "column": 28 } },
      "88": { "start": { "line": 89, "column": 0 }, "end": { "line": 89, "column": 64 } },
      "89": { "start": { "line": 90, "column": 0 }, "end": { "line": 90, "column": 35 } },
      "90": { "start": { "line": 91, "column": 0 }, "end": { "line": 91, "column": 48 } },
      "92": { "start": { "line": 93, "column": 0 }, "end": { "line": 93, "column": 15 } },
      "94": { "start": { "line": 95, "column": 0 }, "end": { "line": 95, "column": 59 } },
      "96": { "start": { "line": 97, "column": 0 }, "end": { "line": 97, "column": 32 } },
      "97": { "start": { "line": 98, "column": 0 }, "end": { "line": 98, "column": 105 } },
      "98": { "start": { "line": 99, "column": 0 }, "end": { "line": 99, "column": 53 } },
      "100": { "start": { "line": 101, "column": 0 }, "end": { "line": 101, "column": 54 } },
      "101": { "start": { "line": 102, "column": 0 }, "end": { "line": 102, "column": 25 } },
      "102": { "start": { "line": 103, "column": 0 }, "end": { "line": 103, "column": 20 } },
      "103": { "start": { "line": 104, "column": 0 }, "end": { "line": 104, "column": 23 } },
      "104": { "start": { "line": 105, "column": 0 }, "end": { "line": 105, "column": 28 } },
      "105": { "start": { "line": 106, "column": 0 }, "end": { "line": 106, "column": 12 } },
      "106": { "start": { "line": 107, "column": 0 }, "end": { "line": 107, "column": 9 } },
      "107": { "start": { "line": 108, "column": 0 }, "end": { "line": 108, "column": 9 } },
      "109": { "start": { "line": 110, "column": 0 }, "end": { "line": 110, "column": 46 } },
      "110": { "start": { "line": 111, "column": 0 }, "end": { "line": 111, "column": 5 } },
      "111": { "start": { "line": 112, "column": 0 }, "end": { "line": 112, "column": 4 } },
      "113": { "start": { "line": 114, "column": 0 }, "end": { "line": 114, "column": 74 } },
      "114": { "start": { "line": 115, "column": 0 }, "end": { "line": 115, "column": 24 } },
      "115": { "start": { "line": 116, "column": 0 }, "end": { "line": 116, "column": 102 } },
      "117": { "start": { "line": 118, "column": 0 }, "end": { "line": 118, "column": 61 } },
      "118": { "start": { "line": 119, "column": 0 }, "end": { "line": 119, "column": 16 } },
      "119": { "start": { "line": 120, "column": 0 }, "end": { "line": 120, "column": 61 } },
      "120": { "start": { "line": 121, "column": 0 }, "end": { "line": 121, "column": 12 } },
      "121": { "start": { "line": 122, "column": 0 }, "end": { "line": 122, "column": 42 } },
      "122": { "start": { "line": 123, "column": 0 }, "end": { "line": 123, "column": 25 } },
      "123": { "start": { "line": 124, "column": 0 }, "end": { "line": 124, "column": 5 } },
      "124": { "start": { "line": 125, "column": 0 }, "end": { "line": 125, "column": 4 } },
      "126": { "start": { "line": 127, "column": 0 }, "end": { "line": 127, "column": 82 } },
      "128": { "start": { "line": 129, "column": 0 }, "end": { "line": 129, "column": 10 } },
      "129": { "start": { "line": 130, "column": 0 }, "end": { "line": 130, "column": 39 } },
      "130": { "start": { "line": 131, "column": 0 }, "end": { "line": 131, "column": 36 } },
      "131": { "start": { "line": 132, "column": 0 }, "end": { "line": 132, "column": 16 } },
      "132": { "start": { "line": 133, "column": 0 }, "end": { "line": 133, "column": 62 } },
      "133": { "start": { "line": 134, "column": 0 }, "end": { "line": 134, "column": 49 } },
      "134": { "start": { "line": 135, "column": 0 }, "end": { "line": 135, "column": 9 } },
      "136": { "start": { "line": 137, "column": 0 }, "end": { "line": 137, "column": 17 } },
      "137": { "start": { "line": 138, "column": 0 }, "end": { "line": 138, "column": 16 } },
      "138": { "start": { "line": 139, "column": 0 }, "end": { "line": 139, "column": 65 } },
      "139": { "start": { "line": 140, "column": 0 }, "end": { "line": 140, "column": 52 } },
      "140": { "start": { "line": 141, "column": 0 }, "end": { "line": 141, "column": 9 } },
      "142": { "start": { "line": 143, "column": 0 }, "end": { "line": 143, "column": 17 } },
      "143": { "start": { "line": 144, "column": 0 }, "end": { "line": 144, "column": 12 } },
      "145": { "start": { "line": 146, "column": 0 }, "end": { "line": 146, "column": 34 } },
      "146": { "start": { "line": 147, "column": 0 }, "end": { "line": 147, "column": 10 } },
      "147": { "start": { "line": 148, "column": 0 }, "end": { "line": 148, "column": 42 } },
      "148": { "start": { "line": 149, "column": 0 }, "end": { "line": 149, "column": 60 } },
      "149": { "start": { "line": 150, "column": 0 }, "end": { "line": 150, "column": 16 } },
      "151": { "start": { "line": 152, "column": 0 }, "end": { "line": 152, "column": 38 } },
      "152": { "start": { "line": 153, "column": 0 }, "end": { "line": 153, "column": 59 } },
      "153": { "start": { "line": 154, "column": 0 }, "end": { "line": 154, "column": 55 } },
      "154": { "start": { "line": 155, "column": 0 }, "end": { "line": 155, "column": 22 } },
      "155": { "start": { "line": 156, "column": 0 }, "end": { "line": 156, "column": 76 } },
      "156": { "start": { "line": 157, "column": 0 }, "end": { "line": 157, "column": 83 } },
      "157": { "start": { "line": 158, "column": 0 }, "end": { "line": 158, "column": 82 } },
      "158": { "start": { "line": 159, "column": 0 }, "end": { "line": 159, "column": 35 } },
      "159": { "start": { "line": 160, "column": 0 }, "end": { "line": 160, "column": 23 } },
      "160": { "start": { "line": 161, "column": 0 }, "end": { "line": 161, "column": 104 } },
      "161": { "start": { "line": 162, "column": 0 }, "end": { "line": 162, "column": 108 } },
      "162": { "start": { "line": 163, "column": 0 }, "end": { "line": 163, "column": 30 } },
      "163": { "start": { "line": 164, "column": 0 }, "end": { "line": 164, "column": 25 } },
      "164": { "start": { "line": 165, "column": 0 }, "end": { "line": 165, "column": 123 } },
      "165": { "start": { "line": 166, "column": 0 }, "end": { "line": 166, "column": 56 } },
      "166": { "start": { "line": 167, "column": 0 }, "end": { "line": 167, "column": 18 } },
      "167": { "start": { "line": 168, "column": 0 }, "end": { "line": 168, "column": 134 } },
      "168": { "start": { "line": 169, "column": 0 }, "end": { "line": 169, "column": 26 } },
      "169": { "start": { "line": 170, "column": 0 }, "end": { "line": 170, "column": 34 } },
      "170": { "start": { "line": 171, "column": 0 }, "end": { "line": 171, "column": 16 } },
      "172": { "start": { "line": 173, "column": 0 }, "end": { "line": 173, "column": 75 } },
      "173": { "start": { "line": 174, "column": 0 }, "end": { "line": 174, "column": 67 } },
      "174": { "start": { "line": 175, "column": 0 }, "end": { "line": 175, "column": 59 } },
      "175": { "start": { "line": 176, "column": 0 }, "end": { "line": 176, "column": 16 } },
      "177": { "start": { "line": 178, "column": 0 }, "end": { "line": 178, "column": 40 } },
      "178": { "start": { "line": 179, "column": 0 }, "end": { "line": 179, "column": 37 } },
      "179": { "start": { "line": 180, "column": 0 }, "end": { "line": 180, "column": 69 } },
      "180": { "start": { "line": 181, "column": 0 }, "end": { "line": 181, "column": 50 } },
      "181": { "start": { "line": 182, "column": 0 }, "end": { "line": 182, "column": 40 } },
      "182": { "start": { "line": 183, "column": 0 }, "end": { "line": 183, "column": 22 } },
      "183": { "start": { "line": 184, "column": 0 }, "end": { "line": 184, "column": 46 } },
      "184": { "start": { "line": 185, "column": 0 }, "end": { "line": 185, "column": 80 } },
      "185": { "start": { "line": 186, "column": 0 }, "end": { "line": 186, "column": 93 } },
      "186": { "start": { "line": 187, "column": 0 }, "end": { "line": 187, "column": 22 } },
      "187": { "start": { "line": 188, "column": 0 }, "end": { "line": 188, "column": 51 } },
      "188": { "start": { "line": 189, "column": 0 }, "end": { "line": 189, "column": 95 } },
      "189": { "start": { "line": 190, "column": 0 }, "end": { "line": 190, "column": 75 } },
      "190": { "start": { "line": 191, "column": 0 }, "end": { "line": 191, "column": 22 } },
      "191": { "start": { "line": 192, "column": 0 }, "end": { "line": 192, "column": 24 } },
      "192": { "start": { "line": 193, "column": 0 }, "end": { "line": 193, "column": 45 } },
      "193": { "start": { "line": 194, "column": 0 }, "end": { "line": 194, "column": 69 } },
      "194": { "start": { "line": 195, "column": 0 }, "end": { "line": 195, "column": 105 } },
      "196": { "start": { "line": 197, "column": 0 }, "end": { "line": 197, "column": 38 } },
      "197": { "start": { "line": 198, "column": 0 }, "end": { "line": 198, "column": 25 } },
      "198": { "start": { "line": 199, "column": 0 }, "end": { "line": 199, "column": 55 } },
      "199": { "start": { "line": 200, "column": 0 }, "end": { "line": 200, "column": 20 } },
      "200": { "start": { "line": 201, "column": 0 }, "end": { "line": 201, "column": 15 } },
      "201": { "start": { "line": 202, "column": 0 }, "end": { "line": 202, "column": 16 } },
      "202": { "start": { "line": 203, "column": 0 }, "end": { "line": 203, "column": 11 } },
      "204": { "start": { "line": 205, "column": 0 }, "end": { "line": 205, "column": 42 } },
      "205": { "start": { "line": 206, "column": 0 }, "end": { "line": 206, "column": 42 } },
      "206": { "start": { "line": 207, "column": 0 }, "end": { "line": 207, "column": 65 } },
      "207": { "start": { "line": 208, "column": 0 }, "end": { "line": 208, "column": 16 } },
      "209": { "start": { "line": 210, "column": 0 }, "end": { "line": 210, "column": 72 } },
      "210": { "start": { "line": 211, "column": 0 }, "end": { "line": 211, "column": 81 } },
      "211": { "start": { "line": 212, "column": 0 }, "end": { "line": 212, "column": 56 } },
      "212": { "start": { "line": 213, "column": 0 }, "end": { "line": 213, "column": 20 } },
      "213": { "start": { "line": 214, "column": 0 }, "end": { "line": 214, "column": 20 } },
      "214": { "start": { "line": 215, "column": 0 }, "end": { "line": 215, "column": 39 } },
      "215": { "start": { "line": 216, "column": 0 }, "end": { "line": 216, "column": 35 } },
      "216": { "start": { "line": 217, "column": 0 }, "end": { "line": 217, "column": 61 } },
      "218": { "start": { "line": 219, "column": 0 }, "end": { "line": 219, "column": 62 } },
      "219": { "start": { "line": 220, "column": 0 }, "end": { "line": 220, "column": 36 } },
      "220": { "start": { "line": 221, "column": 0 }, "end": { "line": 221, "column": 68 } },
      "221": { "start": { "line": 222, "column": 0 }, "end": { "line": 222, "column": 17 } },
      "222": { "start": { "line": 223, "column": 0 }, "end": { "line": 223, "column": 21 } },
      "223": { "start": { "line": 224, "column": 0 }, "end": { "line": 224, "column": 16 } },
      "225": { "start": { "line": 226, "column": 0 }, "end": { "line": 226, "column": 27 } },
      "226": { "start": { "line": 227, "column": 0 }, "end": { "line": 227, "column": 14 } },
      "227": { "start": { "line": 228, "column": 0 }, "end": { "line": 228, "column": 42 } },
      "228": { "start": { "line": 229, "column": 0 }, "end": { "line": 229, "column": 63 } },
      "229": { "start": { "line": 230, "column": 0 }, "end": { "line": 230, "column": 48 } },
      "230": { "start": { "line": 231, "column": 0 }, "end": { "line": 231, "column": 90 } },
      "231": { "start": { "line": 232, "column": 0 }, "end": { "line": 232, "column": 106 } },
      "232": { "start": { "line": 233, "column": 0 }, "end": { "line": 233, "column": 117 } },
      "233": { "start": { "line": 234, "column": 0 }, "end": { "line": 234, "column": 29 } },
      "234": { "start": { "line": 235, "column": 0 }, "end": { "line": 235, "column": 109 } },
      "235": { "start": { "line": 236, "column": 0 }, "end": { "line": 236, "column": 60 } },
      "236": { "start": { "line": 237, "column": 0 }, "end": { "line": 237, "column": 22 } },
      "237": { "start": { "line": 238, "column": 0 }, "end": { "line": 238, "column": 174 } },
      "238": { "start": { "line": 239, "column": 0 }, "end": { "line": 239, "column": 130 } },
      "239": { "start": { "line": 240, "column": 0 }, "end": { "line": 240, "column": 30 } },
      "240": { "start": { "line": 241, "column": 0 }, "end": { "line": 241, "column": 38 } },
      "241": { "start": { "line": 242, "column": 0 }, "end": { "line": 242, "column": 20 } },
      "243": { "start": { "line": 244, "column": 0 }, "end": { "line": 244, "column": 72 } },
      "244": { "start": { "line": 245, "column": 0 }, "end": { "line": 245, "column": 43 } },
      "245": { "start": { "line": 246, "column": 0 }, "end": { "line": 246, "column": 71 } },
      "246": { "start": { "line": 247, "column": 0 }, "end": { "line": 247, "column": 45 } },
      "247": { "start": { "line": 248, "column": 0 }, "end": { "line": 248, "column": 47 } },
      "248": { "start": { "line": 249, "column": 0 }, "end": { "line": 249, "column": 96 } },
      "249": { "start": { "line": 250, "column": 0 }, "end": { "line": 250, "column": 27 } },
      "250": { "start": { "line": 251, "column": 0 }, "end": { "line": 251, "column": 68 } },
      "251": { "start": { "line": 252, "column": 0 }, "end": { "line": 252, "column": 24 } },
      "252": { "start": { "line": 253, "column": 0 }, "end": { "line": 253, "column": 22 } },
      "253": { "start": { "line": 254, "column": 0 }, "end": { "line": 254, "column": 43 } },
      "254": { "start": { "line": 255, "column": 0 }, "end": { "line": 255, "column": 75 } },
      "255": { "start": { "line": 256, "column": 0 }, "end": { "line": 256, "column": 45 } },
      "256": { "start": { "line": 257, "column": 0 }, "end": { "line": 257, "column": 47 } },
      "257": { "start": { "line": 258, "column": 0 }, "end": { "line": 258, "column": 48 } },
      "258": { "start": { "line": 259, "column": 0 }, "end": { "line": 259, "column": 96 } },
      "259": { "start": { "line": 260, "column": 0 }, "end": { "line": 260, "column": 27 } },
      "260": { "start": { "line": 261, "column": 0 }, "end": { "line": 261, "column": 71 } },
      "261": { "start": { "line": 262, "column": 0 }, "end": { "line": 262, "column": 24 } },
      "262": { "start": { "line": 263, "column": 0 }, "end": { "line": 263, "column": 22 } },
      "263": { "start": { "line": 264, "column": 0 }, "end": { "line": 264, "column": 20 } },
      "264": { "start": { "line": 265, "column": 0 }, "end": { "line": 265, "column": 15 } },
      "266": { "start": { "line": 267, "column": 0 }, "end": { "line": 267, "column": 101 } },
      "267": { "start": { "line": 268, "column": 0 }, "end": { "line": 268, "column": 51 } },
      "268": { "start": { "line": 269, "column": 0 }, "end": { "line": 269, "column": 89 } },
      "269": { "start": { "line": 270, "column": 0 }, "end": { "line": 270, "column": 18 } },
      "271": { "start": { "line": 272, "column": 0 }, "end": { "line": 272, "column": 14 } },
      "273": { "start": { "line": 274, "column": 0 }, "end": { "line": 274, "column": 10 } },
      "275": { "start": { "line": 276, "column": 0 }, "end": { "line": 276, "column": 2 } }
    },
    "s": {
      "0": 0,
      "1": 0,
      "2": 0,
      "3": 0,
      "4": 0,
      "5": 0,
      "6": 0,
      "27": 0,
      "28": 0,
      "29": 0,
      "30": 0,
      "31": 0,
      "32": 0,
      "33": 0,
      "35": 0,
      "36": 0,
      "37": 0,
      "39": 0,
      "40": 0,
      "41": 0,
      "43": 0,
      "44": 0,
      "47": 0,
      "49": 0,
      "50": 0,
      "51": 0,
      "52": 0,
      "53": 0,
      "54": 0,
      "55": 0,
      "56": 0,
      "57": 0,
      "58": 0,
      "59": 0,
      "60": 0,
      "61": 0,
      "62": 0,
      "65": 0,
      "66": 0,
      "67": 0,
      "68": 0,
      "70": 0,
      "72": 0,
      "73": 0,
      "74": 0,
      "76": 0,
      "77": 0,
      "79": 0,
      "80": 0,
      "83": 0,
      "84": 0,
      "86": 0,
      "87": 0,
      "88": 0,
      "89": 0,
      "90": 0,
      "92": 0,
      "94": 0,
      "96": 0,
      "97": 0,
      "98": 0,
      "100": 0,
      "101": 0,
      "102": 0,
      "103": 0,
      "104": 0,
      "105": 0,
      "106": 0,
      "107": 0,
      "109": 0,
      "110": 0,
      "111": 0,
      "113": 0,
      "114": 0,
      "115": 0,
      "117": 0,
      "118": 0,
      "119": 0,
      "120": 0,
      "121": 0,
      "122": 0,
      "123": 0,
      "124": 0,
      "126": 0,
      "128": 0,
      "129": 0,
      "130": 0,
      "131": 0,
      "132": 0,
      "133": 0,
      "134": 0,
      "136": 0,
      "137": 0,
      "138": 0,
      "139": 0,
      "140": 0,
      "142": 0,
      "143": 0,
      "145": 0,
      "146": 0,
      "147": 0,
      "148": 0,
      "149": 0,
      "151": 0,
      "152": 0,
      "153": 0,
      "154": 0,
      "155": 0,
      "156": 0,
      "157": 0,
      "158": 0,
      "159": 0,
      "160": 0,
      "161": 0,
      "162": 0,
      "163": 0,
      "164": 0,
      "165": 0,
      "166": 0,
      "167": 0,
      "168": 0,
      "169": 0,
      "170": 0,
      "172": 0,
      "173": 0,
      "174": 0,
      "175": 0,
      "177": 0,
      "178": 0,
      "179": 0,
      "180": 0,
      "181": 0,
      "182": 0,
      "183": 0,
      "184": 0,
      "185": 0,
      "186": 0,
      "187": 0,
      "188": 0,
      "189": 0,
      "190": 0,
      "191": 0,
      "192": 0,
      "193": 0,
      "194": 0,
      "196": 0,
      "197": 0,
      "198": 0,
      "199": 0,
      "200": 0,
      "201": 0,
      "202": 0,
      "204": 0,
      "205": 0,
      "206": 0,
      "207": 0,
      "209": 0,
      "210": 0,
      "211": 0,
      "212": 0,
      "213": 0,
      "214": 0,
      "215": 0,
      "216": 0,
      "218": 0,
      "219": 0,
      "220": 0,
      "221": 0,
      "222": 0,
      "223": 0,
      "225": 0,
      "226": 0,
      "227": 0,
      "228": 0,
      "229": 0,
      "230": 0,
      "231": 0,
      "232": 0,
      "233": 0,
      "234": 0,
      "235": 0,
      "236": 0,
      "237": 0,
      "238": 0,
      "239": 0,
      "240": 0,
      "241": 0,
      "243": 0,
      "244": 0,
      "245": 0,
      "246": 0,
      "247": 0,
      "248": 0,
      "249": 0,
      "250": 0,
      "251": 0,
      "252": 0,
      "253": 0,
      "254": 0,
      "255": 0,
      "256": 0,
      "257": 0,
      "258": 0,
      "259": 0,
      "260": 0,
      "261": 0,
      "262": 0,
      "263": 0,
      "264": 0,
      "266": 0,
      "267": 0,
      "268": 0,
      "269": 0,
      "271": 0,
      "273": 0,
      "275": 0
    },
    "branchMap": {
      "0": {
        "type": "branch",
        "line": 1,
        "loc": { "start": { "line": 1, "column": 10477 }, "end": { "line": 276, "column": 2 } },
        "locations": [
          { "start": { "line": 1, "column": 10477 }, "end": { "line": 276, "column": 2 } }
        ]
      }
    },
    "b": { "0": [0] },
    "fnMap": {
      "0": {
        "name": "(empty-report)",
        "decl": { "start": { "line": 1, "column": 10477 }, "end": { "line": 276, "column": 2 } },
        "loc": { "start": { "line": 1, "column": 10477 }, "end": { "line": 276, "column": 2 } },
        "line": 1
      }
    },
    "f": { "0": 0 }
  },
  "C:\\Users\\Coemi\\Desktop\\SCRIPT\\appPalestra\\migration-v2\\src\\components\\LogExerciseModal.tsx": {
    "path": "C:\\Users\\Coemi\\Desktop\\SCRIPT\\appPalestra\\migration-v2\\src\\components\\LogExerciseModal.tsx",
    "all": true,
    "statementMap": {
      "0": { "start": { "line": 1, "column": 0 }, "end": { "line": 1, "column": 53 } },
      "1": { "start": { "line": 2, "column": 0 }, "end": { "line": 2, "column": 62 } },
      "2": { "start": { "line": 3, "column": 0 }, "end": { "line": 3, "column": 40 } },
      "3": { "start": { "line": 4, "column": 0 }, "end": { "line": 4, "column": 52 } },
      "4": { "start": { "line": 5, "column": 0 }, "end": { "line": 5, "column": 51 } },
      "5": { "start": { "line": 6, "column": 0 }, "end": { "line": 6, "column": 45 } },
      "16": { "start": { "line": 17, "column": 0 }, "end": { "line": 17, "column": 62 } },
      "17": { "start": { "line": 18, "column": 0 }, "end": { "line": 18, "column": 54 } },
      "18": { "start": { "line": 19, "column": 0 }, "end": { "line": 19, "column": 7 } },
      "19": { "start": { "line": 20, "column": 0 }, "end": { "line": 20, "column": 64 } },
      "20": { "start": { "line": 21, "column": 0 }, "end": { "line": 21, "column": 102 } },
      "21": { "start": { "line": 22, "column": 0 }, "end": { "line": 22, "column": 122 } },
      "22": { "start": { "line": 23, "column": 0 }, "end": { "line": 23, "column": 43 } },
      "23": { "start": { "line": 24, "column": 0 }, "end": { "line": 24, "column": 59 } },
      "24": { "start": { "line": 25, "column": 0 }, "end": { "line": 25, "column": 38 } },
      "25": { "start": { "line": 26, "column": 0 }, "end": { "line": 26, "column": 63 } },
      "26": { "start": { "line": 27, "column": 0 }, "end": { "line": 27, "column": 60 } },
      "28": { "start": { "line": 29, "column": 0 }, "end": { "line": 29, "column": 19 } },
      "29": { "start": { "line": 30, "column": 0 }, "end": { "line": 30, "column": 23 } },
      "30": { "start": { "line": 31, "column": 0 }, "end": { "line": 31, "column": 19 } },
      "32": { "start": { "line": 33, "column": 0 }, "end": { "line": 33, "column": 40 } },
      "34": { "start": { "line": 35, "column": 0 }, "end": { "line": 35, "column": 90 } },
      "35": { "start": { "line": 36, "column": 0 }, "end": { "line": 36, "column": 73 } },
      "36": { "start": { "line": 37, "column": 0 }, "end": { "line": 37, "column": 113 } },
      "37": { "start": { "line": 38, "column": 0 }, "end": { "line": 38, "column": 82 } },
      "38": { "start": { "line": 39, "column": 0 }, "end": { "line": 39, "column": 35 } },
      "41": { "start": { "line": 42, "column": 0 }, "end": { "line": 42, "column": 77 } },
      "42": { "start": { "line": 43, "column": 0 }, "end": { "line": 43, "column": 34 } },
      "45": { "start": { "line": 46, "column": 0 }, "end": { "line": 46, "column": 82 } },
      "46": { "start": { "line": 47, "column": 0 }, "end": { "line": 47, "column": 51 } },
      "49": { "start": { "line": 50, "column": 0 }, "end": { "line": 50, "column": 34 } },
      "50": { "start": { "line": 51, "column": 0 }, "end": { "line": 51, "column": 60 } },
      "51": { "start": { "line": 52, "column": 0 }, "end": { "line": 52, "column": 43 } },
      "52": { "start": { "line": 53, "column": 0 }, "end": { "line": 53, "column": 39 } },
      "53": { "start": { "line": 54, "column": 0 }, "end": { "line": 54, "column": 25 } },
      "54": { "start": { "line": 55, "column": 0 }, "end": { "line": 55, "column": 43 } },
      "55": { "start": { "line": 56, "column": 0 }, "end": { "line": 56, "column": 39 } },
      "56": { "start": { "line": 57, "column": 0 }, "end": { "line": 57, "column": 20 } },
      "57": { "start": { "line": 58, "column": 0 }, "end": { "line": 58, "column": 38 } },
      "58": { "start": { "line": 59, "column": 0 }, "end": { "line": 59, "column": 34 } },
      "59": { "start": { "line": 60, "column": 0 }, "end": { "line": 60, "column": 5 } },
      "60": { "start": { "line": 61, "column": 0 }, "end": { "line": 61, "column": 4 } },
      "62": { "start": { "line": 63, "column": 0 }, "end": { "line": 63, "column": 37 } },
      "63": { "start": { "line": 64, "column": 0 }, "end": { "line": 64, "column": 41 } },
      "64": { "start": { "line": 65, "column": 0 }, "end": { "line": 65, "column": 35 } },
      "65": { "start": { "line": 66, "column": 0 }, "end": { "line": 66, "column": 33 } },
      "67": { "start": { "line": 68, "column": 0 }, "end": { "line": 68, "column": 44 } },
      "68": { "start": { "line": 69, "column": 0 }, "end": { "line": 69, "column": 46 } },
      "69": { "start": { "line": 70, "column": 0 }, "end": { "line": 70, "column": 13 } },
      "70": { "start": { "line": 71, "column": 0 }, "end": { "line": 71, "column": 5 } },
      "71": { "start": { "line": 72, "column": 0 }, "end": { "line": 72, "column": 41 } },
      "72": { "start": { "line": 73, "column": 0 }, "end": { "line": 73, "column": 44 } },
      "73": { "start": { "line": 74, "column": 0 }, "end": { "line": 74, "column": 13 } },
      "74": { "start": { "line": 75, "column": 0 }, "end": { "line": 75, "column": 5 } },
      "76": { "start": { "line": 77, "column": 0 }, "end": { "line": 77, "column": 55 } },
      "77": { "start": { "line": 78, "column": 0 }, "end": { "line": 78, "column": 23 } },
      "78": { "start": { "line": 79, "column": 0 }, "end": { "line": 79, "column": 34 } },
      "79": { "start": { "line": 80, "column": 0 }, "end": { "line": 80, "column": 32 } },
      "80": { "start": { "line": 81, "column": 0 }, "end": { "line": 81, "column": 25 } },
      "81": { "start": { "line": 82, "column": 0 }, "end": { "line": 82, "column": 21 } },
      "82": { "start": { "line": 83, "column": 0 }, "end": { "line": 83, "column": 18 } },
      "83": { "start": { "line": 84, "column": 0 }, "end": { "line": 84, "column": 23 } },
      "84": { "start": { "line": 85, "column": 0 }, "end": { "line": 85, "column": 14 } },
      "86": { "start": { "line": 87, "column": 0 }, "end": { "line": 87, "column": 16 } },
      "87": { "start": { "line": 88, "column": 0 }, "end": { "line": 88, "column": 51 } },
      "88": { "start": { "line": 89, "column": 0 }, "end": { "line": 89, "column": 12 } },
      "89": { "start": { "line": 90, "column": 0 }, "end": { "line": 90, "column": 52 } },
      "90": { "start": { "line": 91, "column": 0 }, "end": { "line": 91, "column": 139 } },
      "91": { "start": { "line": 92, "column": 0 }, "end": { "line": 92, "column": 86 } },
      "92": { "start": { "line": 93, "column": 0 }, "end": { "line": 93, "column": 7 } },
      "93": { "start": { "line": 94, "column": 0 }, "end": { "line": 94, "column": 45 } },
      "94": { "start": { "line": 95, "column": 0 }, "end": { "line": 95, "column": 25 } },
      "95": { "start": { "line": 96, "column": 0 }, "end": { "line": 96, "column": 5 } },
      "96": { "start": { "line": 97, "column": 0 }, "end": { "line": 97, "column": 4 } },
      "98": { "start": { "line": 99, "column": 0 }, "end": { "line": 99, "column": 49 } },
      "99": { "start": { "line": 100, "column": 0 }, "end": { "line": 100, "column": 26 } },
      "100": { "start": { "line": 101, "column": 0 }, "end": { "line": 101, "column": 76 } },
      "101": { "start": { "line": 102, "column": 0 }, "end": { "line": 102, "column": 22 } },
      "102": { "start": { "line": 103, "column": 0 }, "end": { "line": 103, "column": 80 } },
      "103": { "start": { "line": 104, "column": 0 }, "end": { "line": 104, "column": 84 } },
      "104": { "start": { "line": 105, "column": 0 }, "end": { "line": 105, "column": 46 } },
      "105": { "start": { "line": 106, "column": 0 }, "end": { "line": 106, "column": 22 } },
      "106": { "start": { "line": 107, "column": 0 }, "end": { "line": 107, "column": 28 } },
      "107": { "start": { "line": 108, "column": 0 }, "end": { "line": 108, "column": 8 } },
      "108": { "start": { "line": 109, "column": 0 }, "end": { "line": 109, "column": 14 } },
      "109": { "start": { "line": 110, "column": 0 }, "end": { "line": 110, "column": 5 } },
      "111": { "start": { "line": 112, "column": 0 }, "end": { "line": 112, "column": 62 } },
      "112": { "start": { "line": 113, "column": 0 }, "end": { "line": 113, "column": 53 } },
      "113": { "start": { "line": 114, "column": 0 }, "end": { "line": 114, "column": 17 } },
      "114": { "start": { "line": 115, "column": 0 }, "end": { "line": 115, "column": 37 } },
      "115": { "start": { "line": 116, "column": 0 }, "end": { "line": 116, "column": 19 } },
      "116": { "start": { "line": 117, "column": 0 }, "end": { "line": 117, "column": 25 } },
      "117": { "start": { "line": 118, "column": 0 }, "end": { "line": 118, "column": 5 } },
      "118": { "start": { "line": 119, "column": 0 }, "end": { "line": 119, "column": 4 } },
      "120": { "start": { "line": 121, "column": 0 }, "end": { "line": 121, "column": 52 } },
      "121": { "start": { "line": 122, "column": 0 }, "end": { "line": 122, "column": 26 } },
      "122": { "start": { "line": 123, "column": 0 }, "end": { "line": 123, "column": 54 } },
      "123": { "start": { "line": 124, "column": 0 }, "end": { "line": 124, "column": 52 } },
      "125": { "start": { "line": 126, "column": 0 }, "end": { "line": 126, "column": 55 } },
      "126": { "start": { "line": 127, "column": 0 }, "end": { "line": 127, "column": 22 } },
      "128": { "start": { "line": 129, "column": 0 }, "end": { "line": 129, "column": 42 } },
      "129": { "start": { "line": 130, "column": 0 }, "end": { "line": 130, "column": 38 } },
      "130": { "start": { "line": 131, "column": 0 }, "end": { "line": 131, "column": 27 } },
      "131": { "start": { "line": 132, "column": 0 }, "end": { "line": 132, "column": 31 } },
      "132": { "start": { "line": 133, "column": 0 }, "end": { "line": 133, "column": 7 } },
      "133": { "start": { "line": 134, "column": 0 }, "end": { "line": 134, "column": 5 } },
      "134": { "start": { "line": 135, "column": 0 }, "end": { "line": 135, "column": 75 } },
      "135": { "start": { "line": 136, "column": 0 }, "end": { "line": 136, "column": 4 } },
      "137": { "start": { "line": 138, "column": 0 }, "end": { "line": 138, "column": 75 } },
      "139": { "start": { "line": 140, "column": 0 }, "end": { "line": 140, "column": 10 } },
      "140": { "start": { "line": 141, "column": 0 }, "end": { "line": 141, "column": 53 } },
[...]
      "52": { "start": { "line": 53, "column": 0 }, "end": { "line": 53, "column": 36 } },
      "53": { "start": { "line": 54, "column": 0 }, "end": { "line": 54, "column": 35 } },
      "55": { "start": { "line": 56, "column": 0 }, "end": { "line": 56, "column": 25 } },
      "56": { "start": { "line": 57, "column": 0 }, "end": { "line": 57, "column": 28 } },
      "57": { "start": { "line": 58, "column": 0 }, "end": { "line": 58, "column": 41 } },
      "58": { "start": { "line": 59, "column": 0 }, "end": { "line": 59, "column": 36 } },
      "59": { "start": { "line": 60, "column": 0 }, "end": { "line": 60, "column": 51 } },
      "60": { "start": { "line": 61, "column": 0 }, "end": { "line": 61, "column": 48 } },
      "61": { "start": { "line": 62, "column": 0 }, "end": { "line": 62, "column": 15 } },
      "62": { "start": { "line": 63, "column": 0 }, "end": { "line": 63, "column": 21 } },
      "63": { "start": { "line": 64, "column": 0 }, "end": { "line": 64, "column": 3 } },
      "64": { "start": { "line": 65, "column": 0 }, "end": { "line": 65, "column": 2 } }
    },
    "s": {
      "0": 1,
      "2": 1,
      "3": 1,
      "4": 1,
      "5": 1,
      "7": 1,
      "8": 1,
      "9": 1,
      "10": 1,
      "11": 1,
      "12": 1,
      "13": 1,
      "15": 1,
      "16": 1,
      "17": 1,
      "19": 1,
      "20": 1,
      "21": 1,
      "22": 1,
      "23": 1,
      "25": 1,
      "26": 1,
      "27": 1,
      "29": 1,
      "30": 1,
      "31": 1,
      "32": 1,
      "34": 1,
      "35": 1,
      "36": 1,
      "37": 1,
      "38": 1,
      "40": 1,
      "41": 0,
      "42": 0,
      "43": 0,
      "44": 0,
      "45": 0,
      "46": 0,
      "47": 0,
      "48": 0,
      "49": 0,
      "51": 1,
      "52": 0,
      "53": 0,
      "55": 0,
      "56": 0,
      "57": 0,
      "58": 0,
      "59": 0,
      "60": 0,
      "61": 0,
      "62": 0,
      "63": 0,
      "64": 1
    },
    "branchMap": {
      "0": {
        "type": "branch",
        "line": 4,
        "loc": { "start": { "line": 4, "column": 2 }, "end": { "line": 14, "column": 4 } },
        "locations": [{ "start": { "line": 4, "column": 2 }, "end": { "line": 14, "column": 4 } }]
      },
      "1": {
        "type": "branch",
        "line": 16,
        "loc": { "start": { "line": 16, "column": 2 }, "end": { "line": 24, "column": 4 } },
        "locations": [{ "start": { "line": 16, "column": 2 }, "end": { "line": 24, "column": 4 } }]
      },
      "2": {
        "type": "branch",
        "line": 26,
        "loc": { "start": { "line": 26, "column": 2 }, "end": { "line": 28, "column": 4 } },
        "locations": [{ "start": { "line": 26, "column": 2 }, "end": { "line": 28, "column": 4 } }]
      },
      "3": {
        "type": "branch",
        "line": 30,
        "loc": { "start": { "line": 30, "column": 2 }, "end": { "line": 39, "column": 4 } },
        "locations": [{ "start": { "line": 30, "column": 2 }, "end": { "line": 39, "column": 4 } }]
      }
    },
    "b": { "0": [1], "1": [1], "2": [1], "3": [1] },
    "fnMap": {
      "0": {
        "name": "fetchTodayLogsForExercise",
        "decl": { "start": { "line": 4, "column": 2 }, "end": { "line": 14, "column": 4 } },
        "loc": { "start": { "line": 4, "column": 2 }, "end": { "line": 14, "column": 4 } },
        "line": 4
      },
      "1": {
        "name": "fetchTodayTotalLogs",
        "decl": { "start": { "line": 16, "column": 2 }, "end": { "line": 24, "column": 4 } },
        "loc": { "start": { "line": 16, "column": 2 }, "end": { "line": 24, "column": 4 } },
        "line": 16
      },
      "2": {
        "name": "deleteLog",
        "decl": { "start": { "line": 26, "column": 2 }, "end": { "line": 28, "column": 4 } },
        "loc": { "start": { "line": 26, "column": 2 }, "end": { "line": 28, "column": 4 } },
        "line": 26
      },
      "3": {
        "name": "fetchWeeklyVolumeByMuscle",
        "decl": { "start": { "line": 30, "column": 2 }, "end": { "line": 39, "column": 4 } },
        "loc": { "start": { "line": 30, "column": 2 }, "end": { "line": 39, "column": 4 } },
        "line": 30
      },
      "4": {
        "name": "fetchPersonalRecord",
        "decl": { "start": { "line": 41, "column": 2 }, "end": { "line": 50, "column": 4 } },
        "loc": { "start": { "line": 41, "column": 2 }, "end": { "line": 50, "column": 4 } },
        "line": 41
      },
      "5": {
        "name": "fetchLastSessionLog",
        "decl": { "start": { "line": 52, "column": 2 }, "end": { "line": 64, "column": 3 } },
        "loc": { "start": { "line": 52, "column": 2 }, "end": { "line": 64, "column": 3 } },
        "line": 52
      }
    },
    "f": { "0": 1, "1": 1, "2": 1, "3": 1, "4": 0, "5": 0 }
  },
  "C:\\Users\\Coemi\\Desktop\\SCRIPT\\appPalestra\\migration-v2\\src\\services\\sessionService.ts": {
    "path": "C:\\Users\\Coemi\\Desktop\\SCRIPT\\appPalestra\\migration-v2\\src\\services\\sessionService.ts",
    "all": false,
    "statementMap": {
      "0": { "start": { "line": 1, "column": 0 }, "end": { "line": 1, "column": 43 } },
      "2": { "start": { "line": 3, "column": 0 }, "end": { "line": 3, "column": 31 } },
      "3": { "start": { "line": 4, "column": 0 }, "end": { "line": 4, "column": 34 } },
      "4": { "start": { "line": 5, "column": 0 }, "end": { "line": 5, "column": 45 } },
      "5": { "start": { "line": 6, "column": 0 }, "end": { "line": 6, "column": 31 } },
      "6": { "start": { "line": 7, "column": 0 }, "end": { "line": 7, "column": 15 } },
      "11": { "start": { "line": 12, "column": 0 }, "end": { "line": 12, "column": 8 } },
      "12": { "start": { "line": 13, "column": 0 }, "end": { "line": 13, "column": 49 } },
      "14": { "start": { "line": 15, "column": 0 }, "end": { "line": 15, "column": 20 } },
      "15": { "start": { "line": 16, "column": 0 }, "end": { "line": 16, "column": 4 } },
      "17": { "start": { "line": 18, "column": 0 }, "end": { "line": 18, "column": 42 } },
      "21": { "start": { "line": 22, "column": 0 }, "end": { "line": 22, "column": 25 } },
      "22": { "start": { "line": 23, "column": 0 }, "end": { "line": 23, "column": 31 } },
      "23": { "start": { "line": 24, "column": 0 }, "end": { "line": 24, "column": 15 } },
      "24": { "start": { "line": 25, "column": 0 }, "end": { "line": 25, "column": 27 } },
      "25": { "start": { "line": 26, "column": 0 }, "end": { "line": 26, "column": 3 } },
      "26": { "start": { "line": 27, "column": 0 }, "end": { "line": 27, "column": 2 } }
    },
    "s": {
      "0": 1,
      "2": 1,
      "3": 1,
      "4": 1,
      "5": 1,
      "6": 1,
      "11": 1,
      "12": 1,
      "14": 1,
      "15": 1,
      "17": 1,
      "21": 1,
      "22": 1,
      "23": 1,
      "24": 1,
      "25": 1,
      "26": 1
    },
    "branchMap": {
      "0": {
        "type": "branch",
        "line": 4,
        "loc": { "start": { "line": 4, "column": 2 }, "end": { "line": 16, "column": 4 } },
        "locations": [{ "start": { "line": 4, "column": 2 }, "end": { "line": 16, "column": 4 } }]
      },
      "1": {
        "type": "branch",
        "line": 18,
        "loc": { "start": { "line": 18, "column": 2 }, "end": { "line": 26, "column": 3 } },
        "locations": [{ "start": { "line": 18, "column": 2 }, "end": { "line": 26, "column": 3 } }]
      }
    },
    "b": { "0": [1], "1": [1] },
    "fnMap": {
      "0": {
        "name": "fetchSessionsWithStats",
        "decl": { "start": { "line": 4, "column": 2 }, "end": { "line": 16, "column": 4 } },
        "loc": { "start": { "line": 4, "column": 2 }, "end": { "line": 16, "column": 4 } },
        "line": 4
      },
      "1": {
        "name": "deleteSession",
        "decl": { "start": { "line": 18, "column": 2 }, "end": { "line": 26, "column": 3 } },
        "loc": { "start": { "line": 18, "column": 2 }, "end": { "line": 26, "column": 3 } },
        "line": 18
      }
    },
    "f": { "0": 1, "1": 1 }
  },
  "C:\\Users\\Coemi\\Desktop\\SCRIPT\\appPalestra\\migration-v2\\src\\store\\useStore.ts": {
    "path": "C:\\Users\\Coemi\\Desktop\\SCRIPT\\appPalestra\\migration-v2\\src\\store\\useStore.ts",
    "all": false,
    "statementMap": {
      "0": { "start": { "line": 1, "column": 0 }, "end": { "line": 1, "column": 33 } },
      "1": { "start": { "line": 2, "column": 0 }, "end": { "line": 2, "column": 45 } },
      "22": { "start": { "line": 23, "column": 0 }, "end": { "line": 23, "column": 43 } },
      "23": { "start": { "line": 24, "column": 0 }, "end": { "line": 24, "column": 10 } },
      "24": { "start": { "line": 25, "column": 0 }, "end": { "line": 25, "column": 15 } },
      "25": { "start": { "line": 26, "column": 0 }, "end": { "line": 26, "column": 26 } },
      "26": { "start": { "line": 27, "column": 0 }, "end": { "line": 27, "column": 59 } },
      "28": { "start": { "line": 29, "column": 0 }, "end": { "line": 29, "column": 15 } },
      "29": { "start": { "line": 30, "column": 0 }, "end": { "line": 30, "column": 25 } },
      "30": { "start": { "line": 31, "column": 0 }, "end": { "line": 31, "column": 26 } },
      "31": { "start": { "line": 32, "column": 0 }, "end": { "line": 32, "column": 41 } },
      "32": { "start": { "line": 33, "column": 0 }, "end": { "line": 33, "column": 63 } },
      "33": { "start": { "line": 34, "column": 0 }, "end": { "line": 34, "column": 40 } },
      "34": { "start": { "line": 35, "column": 0 }, "end": { "line": 35, "column": 21 } },
      "35": { "start": { "line": 36, "column": 0 }, "end": { "line": 36, "column": 27 } },
      "36": { "start": { "line": 37, "column": 0 }, "end": { "line": 37, "column": 30 } },
      "37": { "start": { "line": 38, "column": 0 }, "end": { "line": 38, "column": 9 } },
      "39": { "start": { "line": 40, "column": 0 }, "end": { "line": 40, "column": 23 } },
      "40": { "start": { "line": 41, "column": 0 }, "end": { "line": 41, "column": 55 } },
      "41": { "start": { "line": 42, "column": 0 }, "end": { "line": 42, "column": 25 } },
      "42": { "start": { "line": 43, "column": 0 }, "end": { "line": 43, "column": 57 } },
      "43": { "start": { "line": 44, "column": 0 }, "end": { "line": 44, "column": 7 } },
      "44": { "start": { "line": 45, "column": 0 }, "end": { "line": 45, "column": 5 } },
      "45": { "start": { "line": 46, "column": 0 }, "end": { "line": 46, "column": 31 } },
      "46": { "start": { "line": 47, "column": 0 }, "end": { "line": 47, "column": 94 } },
      "47": { "start": { "line": 48, "column": 0 }, "end": { "line": 48, "column": 5 } },
      "48": { "start": { "line": 49, "column": 0 }, "end": { "line": 49, "column": 3 } },
      "49": { "start": { "line": 50, "column": 0 }, "end": { "line": 50, "column": 2 } }
    },
    "s": {
      "0": 1,
      "1": 1,
      "22": 1,
      "23": 1,
      "24": 1,
      "25": 1,
      "26": 1,
      "28": 1,
      "29": 1,
      "30": 1,
      "31": 1,
      "32": 1,
      "33": 1,
      "34": 1,
      "35": 1,
      "36": 1,
      "37": 1,
      "39": 1,
      "40": 1,
      "41": 1,
      "42": 1,
      "43": 1,
      "44": 1,
      "45": 1,
      "46": 1,
      "47": 1,
      "48": 1,
      "49": 1
    },
    "branchMap": {
      "0": {
        "type": "branch",
        "line": 25,
        "loc": { "start": { "line": 25, "column": 5 }, "end": { "line": 44, "column": 7 } },
        "locations": [{ "start": { "line": 25, "column": 5 }, "end": { "line": 44, "column": 7 } }]
      },
      "1": {
        "type": "branch",
        "line": 27,
        "loc": { "start": { "line": 27, "column": 25 }, "end": { "line": 27, "column": 59 } },
        "locations": [
          { "start": { "line": 27, "column": 25 }, "end": { "line": 27, "column": 59 } }
        ]
      },
      "2": {
        "type": "branch",
        "line": 34,
        "loc": { "start": { "line": 34, "column": 25 }, "end": { "line": 38, "column": 9 } },
        "locations": [{ "start": { "line": 34, "column": 25 }, "end": { "line": 38, "column": 9 } }]
      },
      "3": {
        "type": "branch",
        "line": 41,
        "loc": { "start": { "line": 41, "column": 21 }, "end": { "line": 41, "column": 55 } },
        "locations": [
          { "start": { "line": 41, "column": 21 }, "end": { "line": 41, "column": 55 } }
        ]
      },
      "4": {
        "type": "branch",
        "line": 47,
        "loc": { "start": { "line": 47, "column": 19 }, "end": { "line": 47, "column": 94 } },
        "locations": [
          { "start": { "line": 47, "column": 19 }, "end": { "line": 47, "column": 94 } }
        ]
      }
    },
    "b": { "0": [1], "1": [1], "2": [1], "3": [1], "4": [6] },
    "fnMap": {
      "0": {
        "name": "useStore.name",
        "decl": { "start": { "line": 25, "column": 5 }, "end": { "line": 44, "column": 7 } },
        "loc": { "start": { "line": 25, "column": 5 }, "end": { "line": 44, "column": 7 } },
        "line": 25
      },
      "1": {
        "name": "setActiveSession",
        "decl": { "start": { "line": 27, "column": 25 }, "end": { "line": 27, "column": 59 } },
        "loc": { "start": { "line": 27, "column": 25 }, "end": { "line": 27, "column": 59 } },
        "line": 27
      },
      "2": {
        "name": "setTimer",
        "decl": { "start": { "line": 32, "column": 17 }, "end": { "line": 32, "column": 41 } },
        "loc": { "start": { "line": 32, "column": 17 }, "end": { "line": 32, "column": 41 } },
        "line": 32
      },
      "3": {
        "name": "setTimerActive",
        "decl": { "start": { "line": 33, "column": 23 }, "end": { "line": 33, "column": 63 } },
        "loc": { "start": { "line": 33, "column": 23 }, "end": { "line": 33, "column": 63 } },
        "line": 33
      },
      "4": {
        "name": "startGlobalTimer",
        "decl": { "start": { "line": 34, "column": 25 }, "end": { "line": 38, "column": 9 } },
        "loc": { "start": { "line": 34, "column": 25 }, "end": { "line": 38, "column": 9 } },
        "line": 34
      },
      "5": {
        "name": "setShowAddEx",
        "decl": { "start": { "line": 41, "column": 21 }, "end": { "line": 41, "column": 55 } },
        "loc": { "start": { "line": 41, "column": 21 }, "end": { "line": 41, "column": 55 } },
        "line": 41
      },
      "6": {
        "name": "setSelectedExId",
        "decl": { "start": { "line": 43, "column": 24 }, "end": { "line": 43, "column": 57 } },
        "loc": { "start": { "line": 43, "column": 24 }, "end": { "line": 43, "column": 57 } },
        "line": 43
      },
      "7": {
        "name": "partialize",
        "decl": { "start": { "line": 47, "column": 19 }, "end": { "line": 47, "column": 94 } },
        "loc": { "start": { "line": 47, "column": 19 }, "end": { "line": 47, "column": 94 } },
        "line": 47
      }
    },
    "f": { "0": 1, "1": 1, "2": 0, "3": 0, "4": 1, "5": 1, "6": 0, "7": 6 }
  },
  "C:\\Users\\Coemi\\Desktop\\SCRIPT\\appPalestra\\migration-v2\\src\\types\\index.ts": {
    "path": "C:\\Users\\Coemi\\Desktop\\SCRIPT\\appPalestra\\migration-v2\\src\\types\\index.ts",
    "all": true,
    "statementMap": {},
    "s": {},
    "branchMap": {
      "0": {
        "type": "branch",
        "line": 1,
        "loc": { "start": { "line": 1, "column": 673 }, "end": { "line": 33, "column": 1 } },
        "locations": [{ "start": { "line": 1, "column": 673 }, "end": { "line": 33, "column": 1 } }]
      }
    },
    "b": { "0": [1] },
    "fnMap": {
      "0": {
        "name": "(empty-report)",
        "decl": { "start": { "line": 1, "column": 673 }, "end": { "line": 33, "column": 1 } },
        "loc": { "start": { "line": 1, "column": 673 }, "end": { "line": 33, "column": 1 } },
        "line": 1
      }
    },
    "f": { "0": 1 }
  },
  "C:\\Users\\Coemi\\Desktop\\SCRIPT\\appPalestra\\migration-v2\\src\\types\\schemas.ts": {
    "path": "C:\\Users\\Coemi\\Desktop\\SCRIPT\\appPalestra\\migration-v2\\src\\types\\schemas.ts",
    "all": true,
    "statementMap": {
      "0": { "start": { "line": 1, "column": 0 }, "end": { "line": 1, "column": 24 } },
      "2": { "start": { "line": 3, "column": 0 }, "end": { "line": 3, "column": 40 } },
      "3": { "start": { "line": 4, "column": 0 }, "end": { "line": 4, "column": 24 } },
      "4": { "start": { "line": 5, "column": 0 }, "end": { "line": 5, "column": 29 } },
      "5": { "start": { "line": 6, "column": 0 }, "end": { "line": 6, "column": 26 } },
      "6": { "start": { "line": 7, "column": 0 }, "end": { "line": 7, "column": 27 } },
      "7": { "start": { "line": 8, "column": 0 }, "end": { "line": 8, "column": 26 } },
      "8": { "start": { "line": 9, "column": 0 }, "end": { "line": 9, "column": 43 } },
      "9": { "start": { "line": 10, "column": 0 }, "end": { "line": 10, "column": 27 } },
      "10": { "start": { "line": 11, "column": 0 }, "end": { "line": 11, "column": 42 } },
      "11": { "start": { "line": 12, "column": 0 }, "end": { "line": 12, "column": 56 } },
      "12": { "start": { "line": 13, "column": 0 }, "end": { "line": 13, "column": 46 } },
      "13": { "start": { "line": 14, "column": 0 }, "end": { "line": 14, "column": 51 } },
      "14": { "start": { "line": 15, "column": 0 }, "end": { "line": 15, "column": 47 } },
      "15": { "start": { "line": 16, "column": 0 }, "end": { "line": 16, "column": 3 } },
      "17": { "start": { "line": 18, "column": 0 }, "end": { "line": 18, "column": 43 } },
      "18": { "start": { "line": 19, "column": 0 }, "end": { "line": 19, "column": 35 } },
      "19": { "start": { "line": 20, "column": 0 }, "end": { "line": 20, "column": 29 } },
      "20": { "start": { "line": 21, "column": 0 }, "end": { "line": 21, "column": 33 } },
      "21": { "start": { "line": 22, "column": 0 }, "end": { "line": 22, "column": 43 } },
      "22": { "start": { "line": 23, "column": 0 }, "end": { "line": 23, "column": 35 } },
      "23": { "start": { "line": 24, "column": 0 }, "end": { "line": 24, "column": 36 } },
      "24": { "start": { "line": 25, "column": 0 }, "end": { "line": 25, "column": 39 } },
      "25": { "start": { "line": 26, "column": 0 }, "end": { "line": 26, "column": 49 } },
      "26": { "start": { "line": 27, "column": 0 }, "end": { "line": 27, "column": 46 } },
      "27": { "start": { "line": 28, "column": 0 }, "end": { "line": 28, "column": 3 } },
      "29": { "start": { "line": 30, "column": 0 }, "end": { "line": 30, "column": 46 } },
      "30": { "start": { "line": 31, "column": 0 }, "end": { "line": 31, "column": 24 } },
      "31": { "start": { "line": 32, "column": 0 }, "end": { "line": 32, "column": 29 } },
      "32": { "start": { "line": 33, "column": 0 }, "end": { "line": 33, "column": 36 } },
      "33": { "start": { "line": 34, "column": 0 }, "end": { "line": 34, "column": 44 } },
      "34": { "start": { "line": 35, "column": 0 }, "end": { "line": 35, "column": 3 } }
    },
    "s": {
      "0": 0,
      "2": 0,
      "3": 0,
      "4": 0,
      "5": 0,
      "6": 0,
      "7": 0,
      "8": 0,
      "9": 0,
      "10": 0,
      "11": 0,
      "12": 0,
      "13": 0,
      "14": 0,
      "15": 0,
      "17": 0,
      "18": 0,
      "19": 0,
      "20": 0,
      "21": 0,
      "22": 0,
      "23": 0,
      "24": 0,
      "25": 0,
      "26": 0,
      "27": 0,
      "29": 0,
      "30": 0,
      "31": 0,
      "32": 0,
      "33": 0,
      "34": 0
    },
    "branchMap": {
      "0": {
        "type": "branch",
        "line": 1,
        "loc": { "start": { "line": 1, "column": 1302 }, "end": { "line": 39, "column": 66 } },
        "locations": [
          { "start": { "line": 1, "column": 1302 }, "end": { "line": 39, "column": 66 } }
        ]
      }
    },
    "b": { "0": [0] },
    "fnMap": {
      "0": {
        "name": "(empty-report)",
        "decl": { "start": { "line": 1, "column": 1302 }, "end": { "line": 39, "column": 66 } },
        "loc": { "start": { "line": 1, "column": 1302 }, "end": { "line": 39, "column": 66 } },
        "line": 1
      }
    },
    "f": { "0": 0 }
  }
}
